Mplus VERSION 7.11
MUTHEN & MUTHEN
04/17/2014   4:39 PM

INPUT INSTRUCTIONS

  Title: reaction on cond med by pmi Bayes


  Data:
      File is pmi.txt;

  Variable:
      Names are cond pmi import reaction gender age;
      Usevariables are cond reaction pmi import;

  Analysis:
      Estimator = ML;
      Bootstrap = 10000;

  Model:
      import on cond (a1);
      pmi on cond (a2);
      reaction on cond import;
      reaction on import (b1);
      reaction on pmi (b2);

      pmi on import(d21);

      import on pmi(d12);

  Model Constraint:
      New(indimpor indpmi indpi indip diff1 diff2 diff3);
      indimpor = a1*b1;
      indpmi = a2*b2;
      indpi = a1*d21*b2;
      indip = b2*d12*a1;

      diff1 = indimpor-indpmi;
      diff2 = indimpor-indpi;
      diff3 = indpmi-indpi;

  Output:
      tech1 tech8 stdy CINTERVAL(bcboot);

  Plot:
      Type = plot1 plot2;



*** WARNING in OUTPUT command
  TECH8 option is available only with analysis types MIXTURE, RANDOM, or
  TWOLEVEL with estimators ML, MLF, or MLR or ALGORITHM=INTEGRATION.
  Request for TECH8 is ignored.
   1 WARNING(S) FOUND IN THE INPUT INSTRUCTIONS



reaction on cond med by pmi Bayes

SUMMARY OF ANALYSIS

Number of groups                                                 1
Number of observations                                         123

Number of dependent variables                                    3
Number of independent variables                                  1
Number of continuous latent variables                            0

Observed dependent variables

  Continuous
   REACTION    PMI         IMPORT

Observed independent variables
   COND


Estimator                                                       ML
Information matrix                                        OBSERVED
Maximum number of iterations                                  1000
Convergence criterion                                    0.500D-04
Maximum number of steepest descent iterations                   20
Number of bootstrap draws
    Requested                                                10000
    Completed                                                 9191

Input data file(s)
  pmi.txt

Input data format  FREE



     THE DEGREES OF FREEDOM FOR THIS MODEL ARE NEGATIVE.  THE MODEL IS NOT
     IDENTIFIED.  NO CHI-SQUARE TEST IS AVAILABLE.  CHECK YOUR MODEL.

THE MODEL ESTIMATION TERMINATED NORMALLY



MODEL FIT INFORMATION

Number of Free Parameters                       13

Loglikelihood

          H0 Value                        -645.659
          H1 Value                        -645.659

Information Criteria

          Akaike (AIC)                    1317.317
          Bayesian (BIC)                  1353.876
          Sample-Size Adjusted BIC        1312.771
            (n* = (n + 2) / 24)

Chi-Square Test of Model Fit

          Value                              0.000
          Degrees of Freedom                    -1
          P-Value                           0.0000

RMSEA (Root Mean Square Error Of Approximation)

          Estimate                           0.000
          90 Percent C.I.                    0.000  0.000
          Probability RMSEA <= .05           0.000

CFI/TLI

          CFI                                0.983
          TLI                                1.102

Chi-Square Test of Model Fit for the Baseline Model

          Value                             65.010
          Degrees of Freedom                     6
          P-Value                           0.0000

SRMR (Standardized Root Mean Square Residual)

          Value                              0.000



MODEL RESULTS

                                                    Two-Tailed
                    Estimate       S.E.  Est./S.E.    P-Value

 IMPORT   ON
    COND               0.601      0.310      1.940      0.052
    PMI                0.055      0.032      1.686      0.092

 PMI      ON
    COND               0.372      0.227      1.642      0.101
    IMPORT             0.166      0.064      2.595      0.009

 REACTION ON
    COND               0.103      0.237      0.437      0.662
    IMPORT             0.324      0.073      4.453      0.000
    PMI                0.397      0.077      5.135      0.000

 Intercepts
    REACTION          -0.150      0.386     -0.389      0.698
    PMI                4.727      0.330     14.330      0.000
    IMPORT             3.613      0.129     28.027      0.000

 Residual Variances
    REACTION           1.609      0.171      9.432      0.000
    PMI                1.566      0.218      7.192      0.000
    IMPORT             2.836      0.271     10.467      0.000

 New/Additional Parameters
    INDIMPOR           0.195      0.114      1.711      0.087
    INDPMI             0.148      0.098      1.511      0.131
    INDPI              0.040      0.030      1.306      0.192
    INDIP              0.013      0.009      1.452      0.147
    DIFF1              0.047      0.155      0.304      0.761
    DIFF2              0.155      0.098      1.584      0.113
    DIFF3              0.108      0.103      1.046      0.296


STANDARDIZED MODEL RESULTS

                       StdY
                    Estimate

 IMPORT   ON
    COND               0.347
    PMI                0.042

 PMI      ON
    COND               0.283
    IMPORT             0.218

 REACTION ON
    COND               0.067
    IMPORT             0.363
    PMI                0.338

 Intercepts
    REACTION          -0.097
    PMI                3.593
    IMPORT             2.089

 Residual Variances
    REACTION           0.675
    PMI                0.905
    IMPORT             0.948


R-SQUARE

    Observed
    Variable        Estimate

    REACTION           0.325
    PMI                0.095
    IMPORT             0.052


CONFIDENCE INTERVALS OF MODEL RESULTS

                  Lower .5%  Lower 2.5%    Lower 5%    Estimate    Upper 5%  Upper 2.5%   Upper .5%

 IMPORT   ON
    COND            -0.187      -0.010       0.093       0.601       1.108       1.199       1.393
    PMI             -0.029      -0.006       0.004       0.055       0.110       0.121       0.139

 PMI      ON
    COND            -0.207      -0.083      -0.007       0.372       0.744       0.808       0.927
    IMPORT           0.012       0.046       0.065       0.166       0.276       0.297       0.336

 REACTION ON
    COND            -0.514      -0.365      -0.288       0.103       0.492       0.568       0.712
    IMPORT           0.132       0.176       0.200       0.324       0.441       0.463       0.506
    PMI              0.204       0.247       0.271       0.397       0.527       0.551       0.598

 Intercepts
    REACTION        -1.205      -0.919      -0.792      -0.150       0.483       0.587       0.896
    PMI              3.868       4.085       4.181       4.727       5.269       5.365       5.529
    IMPORT           3.289       3.363       3.403       3.613       3.825       3.862       3.944

 Residual Variances
    REACTION         1.240       1.335       1.387       1.609       1.968       2.009       2.134
    PMI              1.133       1.209       1.266       1.566       2.007       2.077       2.211
    IMPORT           2.237       2.366       2.443       2.836       3.351       3.431       3.619

 New/Additional Parameters
    INDIMPOR        -0.045       0.009       0.039       0.195       0.417       0.464       0.565
    INDPMI          -0.072      -0.022       0.008       0.148       0.335       0.372       0.441
    INDPI           -0.007       0.002       0.007       0.040       0.110       0.128       0.167
    INDIP           -0.003       0.002       0.004       0.013       0.036       0.041       0.052
    DIFF1           -0.340      -0.239      -0.194       0.047       0.315       0.368       0.487
    DIFF2           -0.034       0.010       0.031       0.155       0.364       0.406       0.510
    DIFF3           -0.150      -0.082      -0.048       0.108       0.295       0.330       0.402


TECHNICAL 1 OUTPUT


     PARAMETER SPECIFICATION


           NU
              REACTION      PMI           IMPORT        COND
              ________      ________      ________      ________
      1           0             0             0             0


           LAMBDA
              REACTION      PMI           IMPORT        COND
              ________      ________      ________      ________
 REACTION           0             0             0             0
 PMI                0             0             0             0
 IMPORT             0             0             0             0
 COND               0             0             0             0


           THETA
              REACTION      PMI           IMPORT        COND
              ________      ________      ________      ________
 REACTION           0
 PMI                0             0
 IMPORT             0             0             0
 COND               0             0             0             0


           ALPHA
              REACTION      PMI           IMPORT        COND
              ________      ________      ________      ________
      1           1             2             3             0


           BETA
              REACTION      PMI           IMPORT        COND
              ________      ________      ________      ________
 REACTION           0             4             5             6
 PMI                0             0             7             8
 IMPORT             0             9             0            10
 COND               0             0             0             0


           PSI
              REACTION      PMI           IMPORT        COND
              ________      ________      ________      ________
 REACTION          11
 PMI                0            12
 IMPORT             0             0            13
 COND               0             0             0             0


     PARAMETER SPECIFICATION FOR THE ADDITIONAL PARAMETERS


           New/Additional Parameters
              INDIMPOR      INDPMI        INDPI         INDIP         DIFF1
              ________      ________      ________      ________      ________
 1                 14            15            16            17            18


           New/Additional Parameters
              DIFF2         DIFF3
              ________      ________
 1                 19            20


     STARTING VALUES


           NU
              REACTION      PMI           IMPORT        COND
              ________      ________      ________      ________
      1         0.000         0.000         0.000         0.000


           LAMBDA
              REACTION      PMI           IMPORT        COND
              ________      ________      ________      ________
 REACTION       1.000         0.000         0.000         0.000
 PMI            0.000         1.000         0.000         0.000
 IMPORT         0.000         0.000         1.000         0.000
 COND           0.000         0.000         0.000         1.000


           THETA
              REACTION      PMI           IMPORT        COND
              ________      ________      ________      ________
 REACTION       0.000
 PMI            0.000         0.000
 IMPORT         0.000         0.000         0.000
 COND           0.000         0.000         0.000         0.000


           ALPHA
              REACTION      PMI           IMPORT        COND
              ________      ________      ________      ________
      1         3.484         5.602         4.203         0.472


           BETA
              REACTION      PMI           IMPORT        COND
              ________      ________      ________      ________
 REACTION       0.000         0.000         0.000         0.000
 PMI            0.000         0.000         0.000         0.000
 IMPORT         0.000         0.000         0.000         0.000
 COND           0.000         0.000         0.000         0.000


           PSI
              REACTION      PMI           IMPORT        COND
              ________      ________      ________      ________
 REACTION       1.202
 PMI            0.000         0.873
 IMPORT         0.000         0.000         1.508
 COND           0.000         0.000         0.000         0.249


     STARTING VALUES FOR THE ADDITIONAL PARAMETERS


           New/Additional Parameters
              INDIMPOR      INDPMI        INDPI         INDIP         DIFF1
              ________      ________      ________      ________      ________
 1              0.500         0.500         0.500         0.500         0.500


           New/Additional Parameters
              DIFF2         DIFF3
              ________      ________
 1              0.500         0.500


PLOT INFORMATION

The following plots are available:

  Histograms of sample values
  Histograms of estimated values
  Scatterplots (sample values, estimated values)

DIAGRAM INFORMATION

  Use View Diagram under the Diagram menu in the Mplus Editor to view the diagram.
  If running Mplus from the Mplus Diagrammer, the diagram opens automatically.

  Diagram output
    c:\users\owner\documents\stats\hayes (2013) text\pmi\ind pmi import on and teh other way boot 10

     Beginning Time:  16:39:24
        Ending Time:  16:39:49
       Elapsed Time:  00:00:25



MUTHEN & MUTHEN
3463 Stoner Ave.
Los Angeles, CA  90066

Tel: (310) 391-9971
Fax: (310) 391-8971
Web: www.StatModel.com
Support: Support@StatModel.com

Copyright (c) 1998-2013 Muthen & Muthen
