Mplus VERSION 7.11
MUTHEN & MUTHEN
04/15/2014   4:15 PM

INPUT INSTRUCTIONS

  Title: reaction on cond med by pmi Bayes


  Data:
      File is pmi.txt;

  Variable:
      Names are cond pmi import reaction gender age;
      Usevariables are cond reaction pmi import;

  Analysis:
      Estimator = ML;
      Bootstrap = 10000;

  Model:
      import on cond (a1);
      pmi on cond (a2);
      reaction on cond import;
      reaction on import (b1);
      reaction on pmi (b2);

      pmi on import(d21);

  Model Constraint:
      New(indimpor indpmi indpi diff1 diff2 diff3);
      indimpor = a1*b1;
      indpmi = a2*b2;
      indpi = a1*d21*b2;

      diff1 = indimpor-indpmi;
      diff2 = indimpor-indpi;
      diff3 = indpmi-indpi;

  Output:
      tech1 tech8 stdy CINTERVAL(bcboot);

  Plot:
      Type = plot1 plot2;



*** WARNING in OUTPUT command
  TECH8 option is available only with analysis types MIXTURE, RANDOM, or
  TWOLEVEL with estimators ML, MLF, or MLR or ALGORITHM=INTEGRATION.
  Request for TECH8 is ignored.
   1 WARNING(S) FOUND IN THE INPUT INSTRUCTIONS



reaction on cond med by pmi Bayes

SUMMARY OF ANALYSIS

Number of groups                                                 1
Number of observations                                         123

Number of dependent variables                                    3
Number of independent variables                                  1
Number of continuous latent variables                            0

Observed dependent variables

  Continuous
   REACTION    PMI         IMPORT

Observed independent variables
   COND


Estimator                                                       ML
Information matrix                                        OBSERVED
Maximum number of iterations                                  1000
Convergence criterion                                    0.500D-04
Maximum number of steepest descent iterations                   20
Number of bootstrap draws
    Requested                                                10000
    Completed                                                10000

Input data file(s)
  pmi.txt

Input data format  FREE



THE MODEL ESTIMATION TERMINATED NORMALLY



MODEL FIT INFORMATION

Number of Free Parameters                       12

Loglikelihood

          H0 Value                        -645.659
          H1 Value                        -645.659

Information Criteria

          Akaike (AIC)                    1315.317
          Bayesian (BIC)                  1349.063
          Sample-Size Adjusted BIC        1311.120
            (n* = (n + 2) / 24)

Chi-Square Test of Model Fit

          Value                              0.000
          Degrees of Freedom                     0
          P-Value                           0.0000

RMSEA (Root Mean Square Error Of Approximation)

          Estimate                           0.000
          90 Percent C.I.                    0.000  0.000
          Probability RMSEA <= .05           0.000

CFI/TLI

          CFI                                1.000
          TLI                                1.000

Chi-Square Test of Model Fit for the Baseline Model

          Value                             65.010
          Degrees of Freedom                     6
          P-Value                           0.0000

SRMR (Standardized Root Mean Square Residual)

          Value                              0.000



MODEL RESULTS

                                                    Two-Tailed
                    Estimate       S.E.  Est./S.E.    P-Value

 IMPORT   ON
    COND               0.627      0.312      2.008      0.045

 PMI      ON
    COND               0.354      0.230      1.536      0.125
    IMPORT             0.196      0.079      2.492      0.013

 REACTION ON
    COND               0.103      0.238      0.434      0.664
    IMPORT             0.324      0.074      4.411      0.000
    PMI                0.397      0.078      5.058      0.000

 Intercepts
    REACTION          -0.150      0.395     -0.379      0.705
    PMI                4.610      0.394     11.705      0.000
    IMPORT             3.908      0.204     19.181      0.000

 Residual Variances
    REACTION           1.609      0.175      9.169      0.000
    PMI                1.564      0.243      6.447      0.000
    IMPORT             2.893      0.282     10.270      0.000

 New/Additional Parameters
    INDIMPOR           0.203      0.115      1.765      0.078
    INDPMI             0.140      0.099      1.414      0.158
    INDPI              0.049      0.036      1.359      0.174
    DIFF1              0.063      0.156      0.405      0.686
    DIFF2              0.155      0.099      1.555      0.120
    DIFF3              0.091      0.107      0.851      0.395


STANDARDIZED MODEL RESULTS

                       StdY
                    Estimate

 IMPORT   ON
    COND               0.362

 PMI      ON
    COND               0.269
    IMPORT             0.258

 REACTION ON
    COND               0.067
    IMPORT             0.363
    PMI                0.338

 Intercepts
    REACTION          -0.097
    PMI                3.504
    IMPORT             2.259

 Residual Variances
    REACTION           0.675
    PMI                0.903
    IMPORT             0.967


R-SQUARE

    Observed
    Variable        Estimate

    REACTION           0.325
    PMI                0.097
    IMPORT             0.033


CONFIDENCE INTERVALS OF MODEL RESULTS

                  Lower .5%  Lower 2.5%    Lower 5%    Estimate    Upper 5%  Upper 2.5%   Upper .5%

 IMPORT   ON
    COND            -0.185      -0.002       0.110       0.627       1.133       1.226       1.412

 PMI      ON
    COND            -0.245      -0.115      -0.029       0.354       0.728       0.795       0.914
    IMPORT           0.008       0.054       0.076       0.196       0.334       0.362       0.419

 REACTION ON
    COND            -0.524      -0.365      -0.287       0.103       0.495       0.573       0.721
    IMPORT           0.132       0.176       0.198       0.324       0.443       0.466       0.506
    PMI              0.204       0.246       0.270       0.397       0.529       0.553       0.610

 Intercepts
    REACTION        -1.284      -0.935      -0.801      -0.150       0.494       0.607       0.905
    PMI              3.542       3.800       3.935       4.610       5.238       5.345       5.562
    IMPORT           3.380       3.508       3.574       3.908       4.242       4.305       4.442

 Residual Variances
    REACTION         1.226       1.325       1.376       1.609       1.974       2.022       2.152
    PMI              1.045       1.168       1.230       1.564       2.055       2.143       2.329
    IMPORT           2.246       2.406       2.491       2.893       3.428       3.519       3.699

 New/Additional Parameters
    INDIMPOR        -0.043       0.015       0.044       0.203       0.428       0.474       0.574
    INDPMI          -0.091      -0.035      -0.003       0.140       0.327       0.363       0.436
    INDPI           -0.006       0.004       0.010       0.049       0.135       0.157       0.204
    DIFF1           -0.315      -0.225      -0.177       0.063       0.334       0.389       0.515
    DIFF2           -0.030       0.011       0.031       0.155       0.368       0.409       0.513
    DIFF3           -0.194      -0.113      -0.075       0.091       0.276       0.313       0.390


TECHNICAL 1 OUTPUT


     PARAMETER SPECIFICATION


           NU
              REACTION      PMI           IMPORT        COND
              ________      ________      ________      ________
      1           0             0             0             0


           LAMBDA
              REACTION      PMI           IMPORT        COND
              ________      ________      ________      ________
 REACTION           0             0             0             0
 PMI                0             0             0             0
 IMPORT             0             0             0             0
 COND               0             0             0             0


           THETA
              REACTION      PMI           IMPORT        COND
              ________      ________      ________      ________
 REACTION           0
 PMI                0             0
 IMPORT             0             0             0
 COND               0             0             0             0


           ALPHA
              REACTION      PMI           IMPORT        COND
              ________      ________      ________      ________
      1           1             2             3             0


           BETA
              REACTION      PMI           IMPORT        COND
              ________      ________      ________      ________
 REACTION           0             4             5             6
 PMI                0             0             7             8
 IMPORT             0             0             0             9
 COND               0             0             0             0


           PSI
              REACTION      PMI           IMPORT        COND
              ________      ________      ________      ________
 REACTION          10
 PMI                0            11
 IMPORT             0             0            12
 COND               0             0             0             0


     PARAMETER SPECIFICATION FOR THE ADDITIONAL PARAMETERS


           New/Additional Parameters
              INDIMPOR      INDPMI        INDPI         DIFF1         DIFF2
              ________      ________      ________      ________      ________
 1                 13            14            15            16            17


           New/Additional Parameters
              DIFF3
              ________
 1                 18


     STARTING VALUES


           NU
              REACTION      PMI           IMPORT        COND
              ________      ________      ________      ________
      1         0.000         0.000         0.000         0.000


           LAMBDA
              REACTION      PMI           IMPORT        COND
              ________      ________      ________      ________
 REACTION       1.000         0.000         0.000         0.000
 PMI            0.000         1.000         0.000         0.000
 IMPORT         0.000         0.000         1.000         0.000
 COND           0.000         0.000         0.000         1.000


           THETA
              REACTION      PMI           IMPORT        COND
              ________      ________      ________      ________
 REACTION       0.000
 PMI            0.000         0.000
 IMPORT         0.000         0.000         0.000
 COND           0.000         0.000         0.000         0.000


           ALPHA
              REACTION      PMI           IMPORT        COND
              ________      ________      ________      ________
      1         3.484         5.602         4.203         0.472


           BETA
              REACTION      PMI           IMPORT        COND
              ________      ________      ________      ________
 REACTION       0.000         0.000         0.000         0.000
 PMI            0.000         0.000         0.000         0.000
 IMPORT         0.000         0.000         0.000         0.000
 COND           0.000         0.000         0.000         0.000


           PSI
              REACTION      PMI           IMPORT        COND
              ________      ________      ________      ________
 REACTION       1.202
 PMI            0.000         0.873
 IMPORT         0.000         0.000         1.508
 COND           0.000         0.000         0.000         0.249


     STARTING VALUES FOR THE ADDITIONAL PARAMETERS


           New/Additional Parameters
              INDIMPOR      INDPMI        INDPI         DIFF1         DIFF2
              ________      ________      ________      ________      ________
 1              0.500         0.500         0.500         0.500         0.500


           New/Additional Parameters
              DIFF3
              ________
 1              0.500


PLOT INFORMATION

The following plots are available:

  Histograms of sample values
  Histograms of estimated values
  Scatterplots (sample values, estimated values)

DIAGRAM INFORMATION

  Use View Diagram under the Diagram menu in the Mplus Editor to view the diagram.
  If running Mplus from the Mplus Diagrammer, the diagram opens automatically.

  Diagram output
    c:\users\owner\documents\stats\hayes (2013) text\pmi\ind pmi import on boot 10000.dgm

     Beginning Time:  16:15:17
        Ending Time:  16:15:32
       Elapsed Time:  00:00:15



MUTHEN & MUTHEN
3463 Stoner Ave.
Los Angeles, CA  90066

Tel: (310) 391-9971
Fax: (310) 391-8971
Web: www.StatModel.com
Support: Support@StatModel.com

Copyright (c) 1998-2013 Muthen & Muthen
