Mplus VERSION 7.11
MUTHEN & MUTHEN
04/08/2014   4:05 PM

INPUT INSTRUCTIONS

  Title: reaction on cond med by pmi Bayes


  Data:
      File is pmi.txt;

  Variable:
      Names are cond pmi import reaction gender age;
      Usevariables are cond pmi reaction;

  Analysis:
      Estimator = Bayes ;
      Biterations = 170000(150000);
      processors = 2;

  Model:
      pmi on cond (a1);
      reaction on cond;
      reaction on pmi (b1);

  Model Constraint:
      New (indirct1);
      indirct1 = a1*b1;

  Output:
      tech1 tech8 stdy CINTERVAL;

  Plot:
      Type = plot1 plot2;



INPUT READING TERMINATED NORMALLY



reaction on cond med by pmi Bayes

SUMMARY OF ANALYSIS

Number of groups                                                 1
Number of observations                                         123

Number of dependent variables                                    2
Number of independent variables                                  1
Number of continuous latent variables                            0

Observed dependent variables

  Continuous
   PMI         REACTION

Observed independent variables
   COND


Estimator                                                    BAYES
Specifications for Bayesian Estimation
  Point estimate                                            MEDIAN
  Number of Markov chain Monte Carlo (MCMC) chains               2
  Random seed for the first chain                                0
  Starting value information                           UNPERTURBED
  Treatment of categorical mediator                         LATENT
  Algorithm used for Markov chain Monte Carlo           GIBBS(PX1)
  Convergence criterion                                  0.500D-01
  Maximum number of iterations                              170000
  K-th iteration used for thinning                               1

Input data file(s)
  pmi.txt
Input data format  FREE



THE MODEL ESTIMATION TERMINATED NORMALLY

     USE THE FBITERATIONS OPTION TO INCREASE THE NUMBER OF ITERATIONS BY A FACTOR
     OF AT LEAST TWO TO CHECK CONVERGENCE AND THAT THE PSR VALUE DOES NOT INCREASE.



MODEL FIT INFORMATION

Number of Free Parameters                               7

Bayesian Posterior Predictive Checking using Chi-Square

          95% Confidence Interval for the Difference Between
          the Observed and the Replicated Chi-Square Values

                                -10.800            11.008

          Posterior Predictive P-Value              0.490

Information Criterion

          Deviance (DIC)                          854.175
          Estimated Number of Parameters (pD)       6.881
          Bayesian (BIC)                          873.966



MODEL RESULTS

                                Posterior  One-Tailed         95% C.I.
                    Estimate       S.D.      P-Value   Lower 2.5%  Upper 2.5%  Significance

 PMI        ON
    COND               0.477       0.240      0.024       0.006       0.947      *

 REACTION   ON
    COND               0.254       0.261      0.164      -0.263       0.765
    PMI                0.506       0.099      0.000       0.312       0.700      *

 Intercepts
    PMI                5.377       0.165      0.000       5.054       5.701      *
    REACTION           0.529       0.560      0.172      -0.571       1.627

 Residual Variances
    PMI                1.740       0.232      0.000       1.363       2.268      *
    REACTION           1.985       0.266      0.000       1.551       2.592      *

 New/Additional Parameters
    INDIRCT1           0.233       0.132      0.024       0.003       0.525      *


STANDARDIZED MODEL RESULTS


STDY Standardization

                                Posterior  One-Tailed         95% C.I.
                    Estimate       S.D.      P-Value   Lower 2.5%  Upper 2.5%  Significance
 PMI        ON
    COND               0.178       0.086      0.024       0.002       0.338      *

 REACTION   ON
    COND               0.080       0.081      0.164      -0.082       0.235
    PMI                0.430       0.076      0.000       0.271       0.567      *

 Intercepts
    PMI                3.998       0.304      0.000       3.408       4.603      *
    REACTION           0.333       0.363      0.172      -0.332       1.086

 Residual Variances
    PMI                0.968       0.031      0.000       0.886       1.000      *
    REACTION           0.790       0.065      0.000       0.655       0.906      *


R-SQUARE

                                Posterior  One-Tailed         95% C.I.
    Variable        Estimate       S.D.      P-Value   Lower 2.5%  Upper 2.5%

    PMI                0.032       0.031      0.000       0.000       0.114
    REACTION           0.210       0.065      0.000       0.094       0.345


CREDIBILITY INTERVALS OF MODEL RESULTS

                  Lower .5%  Lower 2.5%    Lower 5%    Estimate    Upper 5%  Upper 2.5%   Upper .5%

 PMI      ON
    COND            -0.143       0.006       0.082       0.477       0.871       0.947       1.098

 REACTION ON
    COND            -0.429      -0.263      -0.176       0.254       0.680       0.765       0.934
    PMI              0.248       0.312       0.344       0.506       0.669       0.700       0.763

 Intercepts
    PMI              4.950       5.054       5.107       5.377       5.648       5.701       5.806
    REACTION        -0.925      -0.571      -0.395       0.529       1.448       1.627       1.980

 Residual Variances
    PMI              1.266       1.363       1.415       1.740       2.172       2.268       2.472
    REACTION         1.440       1.551       1.612       1.985       2.481       2.592       2.832

 New/Additional Parameters
    INDIRCT1        -0.073       0.003       0.040       0.233       0.471       0.525       0.634


CREDIBILITY INTERVALS OF STANDARDIZED MODEL RESULTS


STDY Standardization

                  Lower .5%  Lower 2.5%    Lower 5%    Estimate    Upper 5%  Upper 2.5%   Upper .5%

 PMI      ON
    COND            -0.053       0.002       0.031       0.178       0.313       0.338       0.383

 REACTION ON
    COND            -0.132      -0.082      -0.055       0.080       0.210       0.235       0.282
    PMI              0.215       0.271       0.298       0.430       0.547       0.567       0.605

 Intercepts
    PMI              3.223       3.408       3.504       3.998       4.502       4.603       4.796
    REACTION        -0.521      -0.332      -0.232       0.333       0.960       1.086       1.339

 Residual Variances
    PMI              0.853       0.886       0.902       0.968       0.999       1.000       1.000
    REACTION         0.612       0.655       0.677       0.790       0.889       0.906       0.935


TECHNICAL 1 OUTPUT


     PARAMETER SPECIFICATION


           NU
              PMI           REACTION      COND
              ________      ________      ________
 1                  0             0             0


           LAMBDA
              PMI           REACTION      COND
              ________      ________      ________
 PMI                0             0             0
 REACTION           0             0             0
 COND               0             0             0


           THETA
              PMI           REACTION      COND
              ________      ________      ________
 PMI                0
 REACTION           0             0
 COND               0             0             0


           ALPHA
              PMI           REACTION      COND
              ________      ________      ________
 1                  1             2             0


           BETA
              PMI           REACTION      COND
              ________      ________      ________
 PMI                0             0             3
 REACTION           4             0             5
 COND               0             0             0


           PSI
              PMI           REACTION      COND
              ________      ________      ________
 PMI                6
 REACTION           0             7
 COND               0             0             0


     PARAMETER SPECIFICATION FOR THE ADDITIONAL PARAMETERS


           NEW/ADDITIONAL PARAMETERS
              INDIRCT1
              ________
 1                  8


     STARTING VALUES


           NU
              PMI           REACTION      COND
              ________      ________      ________
 1              0.000         0.000         0.000


           LAMBDA
              PMI           REACTION      COND
              ________      ________      ________
 PMI            1.000         0.000         0.000
 REACTION       0.000         1.000         0.000
 COND           0.000         0.000         1.000


           THETA
              PMI           REACTION      COND
              ________      ________      ________
 PMI            0.000
 REACTION       0.000         0.000
 COND           0.000         0.000         0.000


           ALPHA
              PMI           REACTION      COND
              ________      ________      ________
 1              5.602         3.484         0.000


           BETA
              PMI           REACTION      COND
              ________      ________      ________
 PMI            0.000         0.000         0.000
 REACTION       0.000         0.000         0.000
 COND           0.000         0.000         0.000


           PSI
              PMI           REACTION      COND
              ________      ________      ________
 PMI            0.873
 REACTION       0.000         1.202
 COND           0.000         0.000         0.126


     STARTING VALUES FOR THE ADDITIONAL PARAMETERS


           NEW/ADDITIONAL PARAMETERS
              INDIRCT1
              ________
 1              0.500



     PRIORS FOR ALL PARAMETERS            PRIOR MEAN      PRIOR VARIANCE     PRIOR STD. DEV.

     Parameter 1~N(0.000,infinity)           0.0000            infinity            infinity
     Parameter 2~N(0.000,infinity)           0.0000            infinity            infinity
     Parameter 3~N(0.000,infinity)           0.0000            infinity            infinity
     Parameter 4~N(0.000,infinity)           0.0000            infinity            infinity
     Parameter 5~N(0.000,infinity)           0.0000            infinity            infinity
     Parameter 6~IG(-1.000,0.000)          infinity            infinity            infinity
     Parameter 7~IG(-1.000,0.000)          infinity            infinity            infinity


TECHNICAL 8 OUTPUT



     Kolmogorov-Smirnov comparing posterior distributions across chains 1 and 2 using 100 draws.





     Parameter   KS Statistic P-value
     Parameter 2    0.1700    0.0994
     Parameter 7    0.1600    0.1400
     Parameter 4    0.1100    0.5560
     Parameter 6    0.0900    0.7942
     Parameter 5    0.0800    0.8938
     Parameter 3    0.0800    0.8938
     Parameter 8    0.0700    0.9610
     Parameter 1    0.0700    0.9610



     Simulated prior distributions

     Parameter       Prior Mean  Prior Variance  Prior Std. Dev.


     Parameter 1 Improper Prior
     Parameter 2 Improper Prior
     Parameter 3 Improper Prior
     Parameter 4 Improper Prior
     Parameter 5 Improper Prior
     Parameter 6 Improper Prior
     Parameter 7 Improper Prior
     Parameter 8 Improper Prior


   TECHNICAL 8 OUTPUT FOR BAYES ESTIMATION

     CHAIN    BSEED
     1        0
     2        285380

                     POTENTIAL       PARAMETER WITH
     ITERATION    SCALE REDUCTION      HIGHEST PSR
     100              1.037               2
     200              1.015               4
     300              1.002               2
     400              1.004               3
     500              1.002               7
     600              1.002               6
     700              1.000               6
     800              1.003               1
     900              1.002               1
     1000             1.002               1
     1100             1.003               5
     1200             1.004               5
     1300             1.004               5
     1400             1.003               1
     1500             1.001               5
     1600             1.002               6
     1700             1.000               6
     1800             1.001               6
     1900             1.002               6
     2000             1.002               6
     2100             1.003               6
     2200             1.002               6
     2300             1.002               6
     2400             1.001               6
     2500             1.000               6
     2600             1.000               6
     2700             1.000               1
     2800             1.000               1
     2900             1.000               1
     3000             1.000               1
     3100             1.000               1
     3200             1.000               1
     3300             1.000               1
     3400             1.000               1
     3500             1.000               1
     3600             1.000               1
     3700             1.000               1
     3800             1.000               1
     3900             1.000               1
     4000             1.000               1
     4100             1.000               1
     4200             1.000               1
     4300             1.000               1
     4400             1.000               1
     4500             1.000               1
     4600             1.000               1
     4700             1.000               1
     4800             1.000               1
     4900             1.000               2
     5000             1.000               2
     5100             1.001               2
     5200             1.001               2
     5300             1.001               2
     5400             1.001               2
     5500             1.001               2
     5600             1.001               2
     5700             1.001               2
     5800             1.001               2
     5900             1.001               2
     6000             1.001               2
     6100             1.001               2
     6200             1.001               2
     6300             1.000               2
     6400             1.001               2
     6500             1.000               2
     6600             1.000               2
     6700             1.000               4
     6800             1.001               4
     6900             1.001               4
     7000             1.001               4
     7100             1.001               4
     7200             1.001               4
     7300             1.001               4
     7400             1.001               4
     7500             1.001               4
     7600             1.001               4
     7700             1.001               2
     7800             1.001               4
     7900             1.001               2
     8000             1.001               2
     8100             1.001               2
     8200             1.001               2
     8300             1.001               2
     8400             1.001               2
     8500             1.000               1
     8600             1.000               2
     8700             1.000               2
     8800             1.000               2
     8900             1.000               4
     9000             1.000               4
     9100             1.000               4
     9200             1.000               4
     9300             1.000               4
     9400             1.000               4
     9500             1.000               4
     9600             1.000               4
     9700             1.000               4
     9800             1.000               4
     9900             1.000               4
     10000            1.000               4
     10100            1.000               4
     10200            1.000               4
     10300            1.000               4
     10400            1.000               4
     10500            1.000               4
     10600            1.000               1
     10700            1.000               4
     10800            1.000               4
     10900            1.000               4
     11000            1.000               4
     11100            1.000               7
     11200            1.000               2
     11300            1.000               7
     11400            1.000               2
     11500            1.000               7
     11600            1.000               7
     11700            1.000               1
     11800            1.000               7
     11900            1.000               7
     12000            1.000               7
     12100            1.000               7
     12200            1.000               7
     12300            1.000               7
     12400            1.000               1
     12500            1.000               7
     12600            1.000               7
     12700            1.000               7
     12800            1.000               1
     12900            1.000               1
     13000            1.000               1
     13100            1.000               4
     13200            1.000               4
     13300            1.000               4
     13400            1.000               4
     13500            1.000               4
     13600            1.000               4
     13700            1.000               7
     13800            1.000               1
     13900            1.000               1
     14000            1.000               1
     14100            1.000               1
     14200            1.000               1
     14300            1.000               1
     14400            1.000               1
     14500            1.000               1
     14600            1.000               4
     14700            1.000               4
     14800            1.000               4
     14900            1.000               4
     15000            1.000               4
     15100            1.000               4
     15200            1.000               4
     15300            1.000               4
     15400            1.000               4
     15500            1.000               4
     15600            1.000               4
     15700            1.000               2
     15800            1.000               4
     15900            1.000               4
     16000            1.000               4
     16100            1.000               4
     16200            1.000               4
     16300            1.000               4
     16400            1.000               4
     16500            1.000               4
     16600            1.000               4
     16700            1.000               4
     16800            1.000               4
     16900            1.000               4
     17000            1.000               4
     17100            1.000               4
     17200            1.000               4
     17300            1.000               4
     17400            1.000               4
     17500            1.000               4
     17600            1.000               4
     17700            1.000               4
     17800            1.000               4
     17900            1.000               4
     18000            1.000               4
     18100            1.000               4
     18200            1.000               4
     18300            1.000               4
     18400            1.000               4
     18500            1.000               4
     18600            1.000               4
     18700            1.000               4
     18800            1.000               4
     18900            1.000               4
     19000            1.000               4
     19100            1.000               4
     19200            1.000               4
     19300            1.000               4
     19400            1.000               4
     19500            1.000               4
     19600            1.000               4
     19700            1.000               4
     19800            1.000               4
     19900            1.000               4
     20000            1.000               4
     20100            1.000               4
     20200            1.000               4
     20300            1.000               4
     20400            1.000               4
     20500            1.000               4
     20600            1.000               4
     20700            1.000               4
     20800            1.000               4
     20900            1.000               4
     21000            1.000               4
     21100            1.000               4
     21200            1.000               4
     21300            1.000               4
     21400            1.000               4
     21500            1.000               1
     21600            1.000               4
     21700            1.000               1
     21800            1.000               1
     21900            1.000               1
     22000            1.000               1
     22100            1.000               4
     22200            1.000               1
     22300            1.000               1
     22400            1.000               1
     22500            1.000               1
     22600            1.000               1
     22700            1.000               1
     22800            1.000               1
     22900            1.000               1
     23000            1.000               1
     23100            1.000               1
     23200            1.000               1
     23300            1.000               7
     23400            1.000               7
     23500            1.000               7
     23600            1.000               1
     23700            1.000               1
     23800            1.000               1
     23900            1.000               1
     24000            1.000               1
     24100            1.000               1
     24200            1.000               1
     24300            1.000               1
     24400            1.000               1
     24500            1.000               1
     24600            1.000               1
     24700            1.000               1
     24800            1.000               1
     24900            1.000               1
     25000            1.000               1
     25100            1.000               1
     25200            1.000               3
     25300            1.000               3
     25400            1.000               3
     25500            1.000               3
     25600            1.000               3
     25700            1.000               3
     25800            1.000               3
     25900            1.000               3
     26000            1.000               3
     26100            1.000               1
     26200            1.000               1
     26300            1.000               1
     26400            1.000               1
     26500            1.000               1
     26600            1.000               1
     26700            1.000               1
     26800            1.000               1
     26900            1.000               1
     27000            1.000               1
     27100            1.000               1
     27200            1.000               1
     27300            1.000               1
     27400            1.000               1
     27500            1.000               1
     27600            1.000               1
     27700            1.000               1
     27800            1.000               1
     27900            1.000               1
     28000            1.000               1
     28100            1.000               1
     28200            1.000               1
     28300            1.000               1
     28400            1.000               1
     28500            1.000               1
     28600            1.000               1
     28700            1.000               1
     28800            1.000               1
     28900            1.000               1
     29000            1.000               1
     29100            1.000               1
     29200            1.000               1
     29300            1.000               1
     29400            1.000               1
     29500            1.000               1
     29600            1.000               1
     29700            1.000               1
     29800            1.000               1
     29900            1.000               1
     30000            1.000               1
     30100            1.000               1
     30200            1.000               1
     30300            1.000               1
     30400            1.000               1
     30500            1.000               1
     30600            1.000               1
     30700            1.000               1
     30800            1.000               1
     30900            1.000               1
     31000            1.000               1
     31100            1.000               1
     31200            1.000               1
     31300            1.000               1
     31400            1.000               1
     31500            1.000               1
     31600            1.000               1
     31700            1.000               1
     31800            1.000               1
     31900            1.000               1
     32000            1.000               1
     32100            1.000               1
     32200            1.000               1
     32300            1.000               1
     32400            1.000               1
     32500            1.000               1
     32600            1.000               1
     32700            1.000               1
     32800            1.000               3
     32900            1.000               3
     33000            1.000               3
     33100            1.000               3
     33200            1.000               3
     33300            1.000               3
     33400            1.000               3
     33500            1.000               3
     33600            1.000               3
     33700            1.000               3
     33800            1.000               3
     33900            1.000               3
     34000            1.000               3
     34100            1.000               1
     34200            1.000               1
     34300            1.000               1
     34400            1.000               1
     34500            1.000               1
     34600            1.000               1
     34700            1.000               1
     34800            1.000               1
     34900            1.000               1
     35000            1.000               1
     35100            1.000               1
     35200            1.000               1
     35300            1.000               1
     35400            1.000               1
     35500            1.000               1
     35600            1.000               1
     35700            1.000               1
     35800            1.000               1
     35900            1.000               1
     36000            1.000               1
     36100            1.000               1
     36200            1.000               1
     36300            1.000               1
     36400            1.000               1
     36500            1.000               1
     36600            1.000               1
     36700            1.000               1
     36800            1.000               1
     36900            1.000               1
     37000            1.000               1
     37100            1.000               1
     37200            1.000               1
     37300            1.000               1
     37400            1.000               1
     37500            1.000               1
     37600            1.000               1
     37700            1.000               1
     37800            1.000               1
     37900            1.000               1
     38000            1.000               1
     38100            1.000               1
     38200            1.000               1
     38300            1.000               1
     38400            1.000               1
     38500            1.000               1
     38600            1.000               1
     38700            1.000               1
     38800            1.000               1
     38900            1.000               1
     39000            1.000               1
     39100            1.000               1
     39200            1.000               1
     39300            1.000               1
     39400            1.000               1
     39500            1.000               1
     39600            1.000               1
     39700            1.000               1
     39800            1.000               1
     39900            1.000               1
     40000            1.000               1
     40100            1.000               1
     40200            1.000               1
     40300            1.000               1
     40400            1.000               1
     40500            1.000               1
     40600            1.000               1
     40700            1.000               1
     40800            1.000               1
     40900            1.000               1
     41000            1.000               1
     41100            1.000               1
     41200            1.000               1
     41300            1.000               1
     41400            1.000               1
     41500            1.000               1
     41600            1.000               1
     41700            1.000               1
     41800            1.000               1
     41900            1.000               1
     42000            1.000               1
     42100            1.000               1
     42200            1.000               1
     42300            1.000               1
     42400            1.000               1
     42500            1.000               1
     42600            1.000               1
     42700            1.000               1
     42800            1.000               1
     42900            1.000               1
     43000            1.000               1
     43100            1.000               1
     43200            1.000               1
     43300            1.000               1
     43400            1.000               1
     43500            1.000               1
     43600            1.000               1
     43700            1.000               1
     43800            1.000               1
     43900            1.000               1
     44000            1.000               1
     44100            1.000               1
     44200            1.000               1
     44300            1.000               1
     44400            1.000               1
     44500            1.000               2
     44600            1.000               2
     44700            1.000               2
     44800            1.000               2
     44900            1.000               2
     45000            1.000               2
     45100            1.000               2
     45200            1.000               2
     45300            1.000               2
     45400            1.000               2
     45500            1.000               2
     45600            1.000               2
     45700            1.000               2
     45800            1.000               2
     45900            1.000               2
     46000            1.000               2
     46100            1.000               2
     46200            1.000               2
     46300            1.000               2
     46400            1.000               2
     46500            1.000               2
     46600            1.000               2
     46700            1.000               2
     46800            1.000               2
     46900            1.000               2
     47000            1.000               2
     47100            1.000               4
     47200            1.000               4
     47300            1.000               4
     47400            1.000               4
     47500            1.000               4
     47600            1.000               4
     47700            1.000               2
     47800            1.000               4
     47900            1.000               2
     48000            1.000               2
     48100            1.000               2
     48200            1.000               2
     48300            1.000               2
     48400            1.000               2
     48500            1.000               4
     48600            1.000               4
     48700            1.000               4
     48800            1.000               4
     48900            1.000               2
     49000            1.000               2
     49100            1.000               2
     49200            1.000               2
     49300            1.000               2
     49400            1.000               4
     49500            1.000               2
     49600            1.000               2
     49700            1.000               2
     49800            1.000               2
     49900            1.000               2
     50000            1.000               2
     50100            1.000               2
     50200            1.000               2
     50300            1.000               2
     50400            1.000               2
     50500            1.000               2
     50600            1.000               2
     50700            1.000               2
     50800            1.000               2
     50900            1.000               2
     51000            1.000               4
     51100            1.000               4
     51200            1.000               4
     51300            1.000               2
     51400            1.000               2
     51500            1.000               2
     51600            1.000               2
     51700            1.000               2
     51800            1.000               2
     51900            1.000               2
     52000            1.000               2
     52100            1.000               2
     52200            1.000               2
     52300            1.000               2
     52400            1.000               2
     52500            1.000               2
     52600            1.000               2
     52700            1.000               2
     52800            1.000               2
     52900            1.000               2
     53000            1.000               2
     53100            1.000               2
     53200            1.000               2
     53300            1.000               2
     53400            1.000               2
     53500            1.000               2
     53600            1.000               2
     53700            1.000               2
     53800            1.000               2
     53900            1.000               2
     54000            1.000               2
     54100            1.000               2
     54200            1.000               2
     54300            1.000               2
     54400            1.000               2
     54500            1.000               2
     54600            1.000               2
     54700            1.000               4
     54800            1.000               2
     54900            1.000               2
     55000            1.000               2
     55100            1.000               2
     55200            1.000               4
     55300            1.000               2
     55400            1.000               4
     55500            1.000               4
     55600            1.000               4
     55700            1.000               2
     55800            1.000               4
     55900            1.000               2
     56000            1.000               2
     56100            1.000               4
     56200            1.000               4
     56300            1.000               4
     56400            1.000               4
     56500            1.000               4
     56600            1.000               4
     56700            1.000               4
     56800            1.000               4
     56900            1.000               4
     57000            1.000               4
     57100            1.000               4
     57200            1.000               4
     57300            1.000               4
     57400            1.000               4
     57500            1.000               4
     57600            1.000               4
     57700            1.000               4
     57800            1.000               3
     57900            1.000               4
     58000            1.000               4
     58100            1.000               4
     58200            1.000               4
     58300            1.000               4
     58400            1.000               4
     58500            1.000               4
     58600            1.000               4
     58700            1.000               4
     58800            1.000               4
     58900            1.000               4
     59000            1.000               4
     59100            1.000               4
     59200            1.000               4
     59300            1.000               6
     59400            1.000               4
     59500            1.000               4
     59600            1.000               4
     59700            1.000               4
     59800            1.000               4
     59900            1.000               4
     60000            1.000               4
     60100            1.000               4
     60200            1.000               4
     60300            1.000               4
     60400            1.000               4
     60500            1.000               4
     60600            1.000               4
     60700            1.000               4
     60800            1.000               4
     60900            1.000               4
     61000            1.000               4
     61100            1.000               4
     61200            1.000               4
     61300            1.000               4
     61400            1.000               4
     61500            1.000               4
     61600            1.000               4
     61700            1.000               4
     61800            1.000               4
     61900            1.000               4
     62000            1.000               4
     62100            1.000               4
     62200            1.000               4
     62300            1.000               4
     62400            1.000               4
     62500            1.000               4
     62600            1.000               4
     62700            1.000               4
     62800            1.000               4
     62900            1.000               4
     63000            1.000               4
     63100            1.000               4
     63200            1.000               4
     63300            1.000               4
     63400            1.000               4
     63500            1.000               4
     63600            1.000               4
     63700            1.000               4
     63800            1.000               4
     63900            1.000               4
     64000            1.000               4
     64100            1.000               4
     64200            1.000               4
     64300            1.000               4
     64400            1.000               4
     64500            1.000               4
     64600            1.000               4
     64700            1.000               4
     64800            1.000               4
     64900            1.000               4
     65000            1.000               4
     65100            1.000               4
     65200            1.000               4
     65300            1.000               4
     65400            1.000               4
     65500            1.000               4
     65600            1.000               4
     65700            1.000               4
     65800            1.000               4
     65900            1.000               4
     66000            1.000               4
     66100            1.000               4
     66200            1.000               4
     66300            1.000               4
     66400            1.000               4
     66500            1.000               4
     66600            1.000               4
     66700            1.000               4
     66800            1.000               4
     66900            1.000               4
     67000            1.000               4
     67100            1.000               4
     67200            1.000               4
     67300            1.000               4
     67400            1.000               4
     67500            1.000               4
     67600            1.000               4
     67700            1.000               4
     67800            1.000               4
     67900            1.000               4
     68000            1.000               4
     68100            1.000               4
     68200            1.000               4
     68300            1.000               4
     68400            1.000               4
     68500            1.000               4
     68600            1.000               4
     68700            1.000               4
     68800            1.000               4
     68900            1.000               4
     69000            1.000               4
     69100            1.000               4
     69200            1.000               4
     69300            1.000               4
     69400            1.000               4
     69500            1.000               4
     69600            1.000               4
     69700            1.000               4
     69800            1.000               4
     69900            1.000               4
     70000            1.000               4
     70100            1.000               4
     70200            1.000               4
     70300            1.000               4
     70400            1.000               4
     70500            1.000               4
     70600            1.000               4
     70700            1.000               4
     70800            1.000               4
     70900            1.000               4
     71000            1.000               4
     71100            1.000               4
     71200            1.000               4
     71300            1.000               4
     71400            1.000               4
     71500            1.000               4
     71600            1.000               4
     71700            1.000               4
     71800            1.000               4
     71900            1.000               4
     72000            1.000               4
     72100            1.000               4
     72200            1.000               4
     72300            1.000               4
     72400            1.000               4
     72500            1.000               4
     72600            1.000               4
     72700            1.000               4
     72800            1.000               4
     72900            1.000               4
     73000            1.000               4
     73100            1.000               4
     73200            1.000               4
     73300            1.000               4
     73400            1.000               4
     73500            1.000               4
     73600            1.000               4
     73700            1.000               4
     73800            1.000               4
     73900            1.000               4
     74000            1.000               2
     74100            1.000               4
     74200            1.000               4
     74300            1.000               4
     74400            1.000               4
     74500            1.000               4
     74600            1.000               4
     74700            1.000               4
     74800            1.000               4
     74900            1.000               4
     75000            1.000               4
     75100            1.000               4
     75200            1.000               4
     75300            1.000               4
     75400            1.000               4
     75500            1.000               4
     75600            1.000               4
     75700            1.000               4
     75800            1.000               4
     75900            1.000               4
     76000            1.000               4
     76100            1.000               4
     76200            1.000               4
     76300            1.000               4
     76400            1.000               4
     76500            1.000               4
     76600            1.000               4
     76700            1.000               4
     76800            1.000               4
     76900            1.000               4
     77000            1.000               4
     77100            1.000               4
     77200            1.000               4
     77300            1.000               4
     77400            1.000               4
     77500            1.000               4
     77600            1.000               4
     77700            1.000               4
     77800            1.000               4
     77900            1.000               4
     78000            1.000               4
     78100            1.000               4
     78200            1.000               4
     78300            1.000               4
     78400            1.000               4
     78500            1.000               4
     78600            1.000               4
     78700            1.000               4
     78800            1.000               4
     78900            1.000               4
     79000            1.000               4
     79100            1.000               4
     79200            1.000               4
     79300            1.000               4
     79400            1.000               4
     79500            1.000               4
     79600            1.000               4
     79700            1.000               4
     79800            1.000               4
     79900            1.000               4
     80000            1.000               4
     80100            1.000               4
     80200            1.000               4
     80300            1.000               4
     80400            1.000               4
     80500            1.000               4
     80600            1.000               4
     80700            1.000               4
     80800            1.000               4
     80900            1.000               4
     81000            1.000               4
     81100            1.000               4
     81200            1.000               4
     81300            1.000               4
     81400            1.000               4
     81500            1.000               4
     81600            1.000               4
     81700            1.000               7
     81800            1.000               7
     81900            1.000               7
     82000            1.000               4
     82100            1.000               4
     82200            1.000               4
     82300            1.000               4
     82400            1.000               4
     82500            1.000               4
     82600            1.000               4
     82700            1.000               4
     82800            1.000               4
     82900            1.000               6
     83000            1.000               6
     83100            1.000               4
     83200            1.000               4
     83300            1.000               4
     83400            1.000               4
     83500            1.000               4
     83600            1.000               4
     83700            1.000               4
     83800            1.000               4
     83900            1.000               4
     84000            1.000               4
     84100            1.000               4
     84200            1.000               4
     84300            1.000               4
     84400            1.000               4
     84500            1.000               4
     84600            1.000               4
     84700            1.000               4
     84800            1.000               4
     84900            1.000               4
     85000            1.000               4
     85100            1.000               4
     85200            1.000               4
     85300            1.000               4
     85400            1.000               4
     85500            1.000               4
     85600            1.000               4
     85700            1.000               4
     85800            1.000               4
     85900            1.000               4
     86000            1.000               4
     86100            1.000               4
     86200            1.000               4
     86300            1.000               4
     86400            1.000               4
     86500            1.000               4
     86600            1.000               4
     86700            1.000               4
     86800            1.000               4
     86900            1.000               4
     87000            1.000               4
     87100            1.000               4
     87200            1.000               4
     87300            1.000               4
     87400            1.000               4
     87500            1.000               4
     87600            1.000               4
     87700            1.000               4
     87800            1.000               4
     87900            1.000               4
     88000            1.000               4
     88100            1.000               4
     88200            1.000               4
     88300            1.000               4
     88400            1.000               4
     88500            1.000               4
     88600            1.000               4
     88700            1.000               4
     88800            1.000               4
     88900            1.000               4
     89000            1.000               4
     89100            1.000               4
     89200            1.000               4
     89300            1.000               4
     89400            1.000               4
     89500            1.000               4
     89600            1.000               4
     89700            1.000               4
     89800            1.000               4
     89900            1.000               4
     90000            1.000               4
     90100            1.000               4
     90200            1.000               4
     90300            1.000               4
     90400            1.000               4
     90500            1.000               4
     90600            1.000               4
     90700            1.000               6
     90800            1.000               6
     90900            1.000               6
     91000            1.000               6
     91100            1.000               4
     91200            1.000               6
     91300            1.000               4
     91400            1.000               4
     91500            1.000               4
     91600            1.000               6
     91700            1.000               6
     91800            1.000               6
     91900            1.000               6
     92000            1.000               6
     92100            1.000               6
     92200            1.000               6
     92300            1.000               6
     92400            1.000               6
     92500            1.000               6
     92600            1.000               6
     92700            1.000               6
     92800            1.000               6
     92900            1.000               6
     93000            1.000               6
     93100            1.000               6
     93200            1.000               6
     93300            1.000               6
     93400            1.000               6
     93500            1.000               6
     93600            1.000               6
     93700            1.000               6
     93800            1.000               6
     93900            1.000               6
     94000            1.000               6
     94100            1.000               6
     94200            1.000               6
     94300            1.000               6
     94400            1.000               6
     94500            1.000               6
     94600            1.000               6
     94700            1.000               6
     94800            1.000               6
     94900            1.000               6
     95000            1.000               6
     95100            1.000               6
     95200            1.000               6
     95300            1.000               6
     95400            1.000               6
     95500            1.000               6
     95600            1.000               6
     95700            1.000               6
     95800            1.000               6
     95900            1.000               6
     96000            1.000               6
     96100            1.000               6
     96200            1.000               6
     96300            1.000               6
     96400            1.000               6
     96500            1.000               6
     96600            1.000               6
     96700            1.000               6
     96800            1.000               6
     96900            1.000               6
     97000            1.000               6
     97100            1.000               6
     97200            1.000               6
     97300            1.000               6
     97400            1.000               6
     97500            1.000               6
     97600            1.000               6
     97700            1.000               6
     97800            1.000               6
     97900            1.000               6
     98000            1.000               6
     98100            1.000               6
     98200            1.000               6
     98300            1.000               6
     98400            1.000               6
     98500            1.000               6
     98600            1.000               6
     98700            1.000               6
     98800            1.000               6
     98900            1.000               6
     99000            1.000               6
     99100            1.000               6
     99200            1.000               6
     99300            1.000               6
     99400            1.000               6
     99500            1.000               6
     99600            1.000               6
     99700            1.000               6
     99800            1.000               6
     99900            1.000               6
     100000           1.000               6
     100100           1.000               6
     100200           1.000               6
     100300           1.000               6
     100400           1.000               6
     100500           1.000               6
     100600           1.000               6
     100700           1.000               6
     100800           1.000               6
     100900           1.000               6
     101000           1.000               6
     101100           1.000               6
     101200           1.000               6
     101300           1.000               6
     101400           1.000               6
     101500           1.000               6
     101600           1.000               6
     101700           1.000               6
     101800           1.000               6
     101900           1.000               6
     102000           1.000               6
     102100           1.000               6
     102200           1.000               6
     102300           1.000               6
     102400           1.000               6
     102500           1.000               6
     102600           1.000               6
     102700           1.000               6
     102800           1.000               6
     102900           1.000               6
     103000           1.000               6
     103100           1.000               6
     103200           1.000               6
     103300           1.000               6
     103400           1.000               6
     103500           1.000               6
     103600           1.000               6
     103700           1.000               6
     103800           1.000               6
     103900           1.000               6
     104000           1.000               6
     104100           1.000               4
     104200           1.000               4
     104300           1.000               4
     104400           1.000               4
     104500           1.000               4
     104600           1.000               4
     104700           1.000               4
     104800           1.000               4
     104900           1.000               4
     105000           1.000               4
     105100           1.000               4
     105200           1.000               4
     105300           1.000               4
     105400           1.000               4
     105500           1.000               4
     105600           1.000               4
     105700           1.000               4
     105800           1.000               4
     105900           1.000               4
     106000           1.000               4
     106100           1.000               4
     106200           1.000               4
     106300           1.000               4
     106400           1.000               4
     106500           1.000               4
     106600           1.000               4
     106700           1.000               4
     106800           1.000               4
     106900           1.000               4
     107000           1.000               4
     107100           1.000               4
     107200           1.000               4
     107300           1.000               4
     107400           1.000               4
     107500           1.000               4
     107600           1.000               6
     107700           1.000               4
     107800           1.000               6
     107900           1.000               6
     108000           1.000               6
     108100           1.000               6
     108200           1.000               6
     108300           1.000               4
     108400           1.000               4
     108500           1.000               4
     108600           1.000               4
     108700           1.000               4
     108800           1.000               4
     108900           1.000               4
     109000           1.000               4
     109100           1.000               4
     109200           1.000               4
     109300           1.000               4
     109400           1.000               4
     109500           1.000               4
     109600           1.000               4
     109700           1.000               4
     109800           1.000               4
     109900           1.000               4
     110000           1.000               4
     110100           1.000               4
     110200           1.000               4
     110300           1.000               4
     110400           1.000               4
     110500           1.000               4
     110600           1.000               4
     110700           1.000               4
     110800           1.000               4
     110900           1.000               4
     111000           1.000               4
     111100           1.000               4
     111200           1.000               4
     111300           1.000               4
     111400           1.000               4
     111500           1.000               4
     111600           1.000               4
     111700           1.000               4
     111800           1.000               4
     111900           1.000               4
     112000           1.000               4
     112100           1.000               4
     112200           1.000               4
     112300           1.000               4
     112400           1.000               6
     112500           1.000               6
     112600           1.000               6
     112700           1.000               6
     112800           1.000               4
     112900           1.000               6
     113000           1.000               4
     113100           1.000               4
     113200           1.000               4
     113300           1.000               4
     113400           1.000               4
     113500           1.000               4
     113600           1.000               4
     113700           1.000               4
     113800           1.000               4
     113900           1.000               6
     114000           1.000               6
     114100           1.000               6
     114200           1.000               6
     114300           1.000               6
     114400           1.000               6
     114500           1.000               6
     114600           1.000               6
     114700           1.000               6
     114800           1.000               6
     114900           1.000               6
     115000           1.000               4
     115100           1.000               4
     115200           1.000               6
     115300           1.000               6
     115400           1.000               6
     115500           1.000               6
     115600           1.000               6
     115700           1.000               6
     115800           1.000               6
     115900           1.000               6
     116000           1.000               6
     116100           1.000               6
     116200           1.000               6
     116300           1.000               4
     116400           1.000               6
     116500           1.000               4
     116600           1.000               2
     116700           1.000               2
     116800           1.000               6
     116900           1.000               6
     117000           1.000               6
     117100           1.000               6
     117200           1.000               6
     117300           1.000               6
     117400           1.000               6
     117500           1.000               6
     117600           1.000               6
     117700           1.000               6
     117800           1.000               6
     117900           1.000               6
     118000           1.000               6
     118100           1.000               6
     118200           1.000               6
     118300           1.000               6
     118400           1.000               6
     118500           1.000               6
     118600           1.000               6
     118700           1.000               6
     118800           1.000               6
     118900           1.000               6
     119000           1.000               6
     119100           1.000               6
     119200           1.000               6
     119300           1.000               6
     119400           1.000               6
     119500           1.000               6
     119600           1.000               6
     119700           1.000               6
     119800           1.000               6
     119900           1.000               6
     120000           1.000               6
     120100           1.000               6
     120200           1.000               6
     120300           1.000               6
     120400           1.000               6
     120500           1.000               6
     120600           1.000               6
     120700           1.000               6
     120800           1.000               6
     120900           1.000               6
     121000           1.000               6
     121100           1.000               6
     121200           1.000               6
     121300           1.000               6
     121400           1.000               6
     121500           1.000               6
     121600           1.000               6
     121700           1.000               6
     121800           1.000               6
     121900           1.000               6
     122000           1.000               6
     122100           1.000               6
     122200           1.000               6
     122300           1.000               6
     122400           1.000               6
     122500           1.000               6
     122600           1.000               6
     122700           1.000               6
     122800           1.000               6
     122900           1.000               6
     123000           1.000               6
     123100           1.000               6
     123200           1.000               6
     123300           1.000               6
     123400           1.000               6
     123500           1.000               6
     123600           1.000               6
     123700           1.000               6
     123800           1.000               6
     123900           1.000               6
     124000           1.000               6
     124100           1.000               6
     124200           1.000               6
     124300           1.000               6
     124400           1.000               6
     124500           1.000               6
     124600           1.000               6
     124700           1.000               6
     124800           1.000               6
     124900           1.000               6
     125000           1.000               6
     125100           1.000               6
     125200           1.000               6
     125300           1.000               6
     125400           1.000               6
     125500           1.000               6
     125600           1.000               6
     125700           1.000               6
     125800           1.000               6
     125900           1.000               6
     126000           1.000               6
     126100           1.000               6
     126200           1.000               6
     126300           1.000               6
     126400           1.000               6
     126500           1.000               6
     126600           1.000               6
     126700           1.000               6
     126800           1.000               6
     126900           1.000               6
     127000           1.000               6
     127100           1.000               6
     127200           1.000               6
     127300           1.000               6
     127400           1.000               6
     127500           1.000               6
     127600           1.000               6
     127700           1.000               6
     127800           1.000               6
     127900           1.000               6
     128000           1.000               6
     128100           1.000               6
     128200           1.000               6
     128300           1.000               6
     128400           1.000               6
     128500           1.000               6
     128600           1.000               6
     128700           1.000               6
     128800           1.000               6
     128900           1.000               6
     129000           1.000               6
     129100           1.000               6
     129200           1.000               6
     129300           1.000               6
     129400           1.000               6
     129500           1.000               6
     129600           1.000               6
     129700           1.000               6
     129800           1.000               6
     129900           1.000               6
     130000           1.000               6
     130100           1.000               6
     130200           1.000               6
     130300           1.000               6
     130400           1.000               6
     130500           1.000               6
     130600           1.000               6
     130700           1.000               6
     130800           1.000               6
     130900           1.000               6
     131000           1.000               6
     131100           1.000               6
     131200           1.000               6
     131300           1.000               6
     131400           1.000               6
     131500           1.000               6
     131600           1.000               6
     131700           1.000               6
     131800           1.000               6
     131900           1.000               6
     132000           1.000               6
     132100           1.000               6
     132200           1.000               6
     132300           1.000               6
     132400           1.000               6
     132500           1.000               6
     132600           1.000               6
     132700           1.000               6
     132800           1.000               6
     132900           1.000               6
     133000           1.000               6
     133100           1.000               6
     133200           1.000               6
     133300           1.000               6
     133400           1.000               6
     133500           1.000               6
     133600           1.000               6
     133700           1.000               6
     133800           1.000               6
     133900           1.000               6
     134000           1.000               6
     134100           1.000               6
     134200           1.000               6
     134300           1.000               6
     134400           1.000               6
     134500           1.000               6
     134600           1.000               6
     134700           1.000               6
     134800           1.000               6
     134900           1.000               6
     135000           1.000               6
     135100           1.000               6
     135200           1.000               6
     135300           1.000               6
     135400           1.000               6
     135500           1.000               6
     135600           1.000               6
     135700           1.000               6
     135800           1.000               6
     135900           1.000               6
     136000           1.000               6
     136100           1.000               6
     136200           1.000               6
     136300           1.000               6
     136400           1.000               2
     136500           1.000               2
     136600           1.000               2
     136700           1.000               2
     136800           1.000               2
     136900           1.000               2
     137000           1.000               2
     137100           1.000               2
     137200           1.000               2
     137300           1.000               2
     137400           1.000               2
     137500           1.000               1
     137600           1.000               2
     137700           1.000               2
     137800           1.000               1
     137900           1.000               2
     138000           1.000               2
     138100           1.000               2
     138200           1.000               1
     138300           1.000               1
     138400           1.000               1
     138500           1.000               1
     138600           1.000               1
     138700           1.000               1
     138800           1.000               1
     138900           1.000               6
     139000           1.000               6
     139100           1.000               6
     139200           1.000               6
     139300           1.000               6
     139400           1.000               6
     139500           1.000               6
     139600           1.000               6
     139700           1.000               6
     139800           1.000               6
     139900           1.000               6
     140000           1.000               1
     140100           1.000               6
     140200           1.000               6
     140300           1.000               6
     140400           1.000               6
     140500           1.000               6
     140600           1.000               6
     140700           1.000               6
     140800           1.000               6
     140900           1.000               6
     141000           1.000               6
     141100           1.000               6
     141200           1.000               6
     141300           1.000               6
     141400           1.000               6
     141500           1.000               6
     141600           1.000               6
     141700           1.000               6
     141800           1.000               6
     141900           1.000               6
     142000           1.000               6
     142100           1.000               6
     142200           1.000               6
     142300           1.000               6
     142400           1.000               6
     142500           1.000               6
     142600           1.000               6
     142700           1.000               6
     142800           1.000               6
     142900           1.000               6
     143000           1.000               6
     143100           1.000               6
     143200           1.000               6
     143300           1.000               6
     143400           1.000               6
     143500           1.000               6
     143600           1.000               6
     143700           1.000               6
     143800           1.000               6
     143900           1.000               6
     144000           1.000               6
     144100           1.000               6
     144200           1.000               6
     144300           1.000               6
     144400           1.000               6
     144500           1.000               6
     144600           1.000               6
     144700           1.000               6
     144800           1.000               6
     144900           1.000               6
     145000           1.000               6
     145100           1.000               6
     145200           1.000               6
     145300           1.000               6
     145400           1.000               6
     145500           1.000               6
     145600           1.000               6
     145700           1.000               6
     145800           1.000               6
     145900           1.000               6
     146000           1.000               6
     146100           1.000               6
     146200           1.000               6
     146300           1.000               6
     146400           1.000               6
     146500           1.000               6
     146600           1.000               6
     146700           1.000               6
     146800           1.000               6
     146900           1.000               6
     147000           1.000               6
     147100           1.000               6
     147200           1.000               6
     147300           1.000               6
     147400           1.000               6
     147500           1.000               6
     147600           1.000               6
     147700           1.000               6
     147800           1.000               6
     147900           1.000               6
     148000           1.000               6
     148100           1.000               6
     148200           1.000               6
     148300           1.000               6
     148400           1.000               7
     148500           1.000               7
     148600           1.000               7
     148700           1.000               7
     148800           1.000               7
     148900           1.000               7
     149000           1.000               7
     149100           1.000               7
     149200           1.000               7
     149300           1.000               7
     149400           1.000               7
     149500           1.000               7
     149600           1.000               7
     149700           1.000               7
     149800           1.000               7
     149900           1.000               7
     150000           1.000               7


PLOT INFORMATION

The following plots are available:

  Histograms of sample values
  Scatterplots (sample values)
  Bayesian posterior parameter distributions
  Bayesian posterior parameter trace plots
  Bayesian autocorrelation plots
  Bayesian posterior predictive checking scatterplots
  Bayesian posterior predictive checking distribution plots

DIAGRAM INFORMATION

  Use View Diagram under the Diagram menu in the Mplus Editor to view the diagram.
  If running Mplus from the Mplus Diagrammer, the diagram opens automatically.

  Diagram output
    c:\users\owner\documents\stats\hayes (2013) text\pmi\reaction on cond med by pmi bayes.dgm

     Beginning Time:  16:05:37
        Ending Time:  16:05:53
       Elapsed Time:  00:00:16



MUTHEN & MUTHEN
3463 Stoner Ave.
Los Angeles, CA  90066

Tel: (310) 391-9971
Fax: (310) 391-8971
Web: www.StatModel.com
Support: Support@StatModel.com

Copyright (c) 1998-2013 Muthen & Muthen
