Mplus VERSION 7.11
MUTHEN & MUTHEN
04/22/2014   4:42 PM

INPUT INSTRUCTIONS

  Title: reaction on cond med by pmi Bayes


  Data:
      File is pmi.txt;

  Variable:
      Names are cond pmi import reaction gender age;
      Usevariables are cond reaction pmi;

  Analysis:
      Estimator = ML;
      Bootstrap = 10000;

  Model:
      pmi on cond (a1);
      reaction on cond;
      reaction on pmi (b1);

  Model Constraint:
      New (indirct1);
      indirct1 = a1*b1;

  Output:
      tech1 tech4 stdy CINTERVAL(bcboot);

  Plot:
      Type = plot1 plot2;



INPUT READING TERMINATED NORMALLY



reaction on cond med by pmi Bayes

SUMMARY OF ANALYSIS

Number of groups                                                 1
Number of observations                                         123

Number of dependent variables                                    2
Number of independent variables                                  1
Number of continuous latent variables                            0

Observed dependent variables

  Continuous
   REACTION    PMI

Observed independent variables
   COND


Estimator                                                       ML
Information matrix                                        OBSERVED
Maximum number of iterations                                  1000
Convergence criterion                                    0.500D-04
Maximum number of steepest descent iterations                   20
Number of bootstrap draws
    Requested                                                10000
    Completed                                                10000

Input data file(s)
  pmi.txt

Input data format  FREE



THE MODEL ESTIMATION TERMINATED NORMALLY



MODEL FIT INFORMATION

Number of Free Parameters                        7

Loglikelihood

          H0 Value                        -420.028
          H1 Value                        -420.028

Information Criteria

          Akaike (AIC)                     854.057
          Bayesian (BIC)                   873.742
          Sample-Size Adjusted BIC         851.608
            (n* = (n + 2) / 24)

Chi-Square Test of Model Fit

          Value                              0.000
          Degrees of Freedom                     0
          P-Value                           0.0000

RMSEA (Root Mean Square Error Of Approximation)

          Estimate                           0.000
          90 Percent C.I.                    0.000  0.000
          Probability RMSEA <= .05           0.000

CFI/TLI

          CFI                                1.000
          TLI                                1.000

Chi-Square Test of Model Fit for the Baseline Model

          Value                             32.444
          Degrees of Freedom                     3
          P-Value                           0.0000

SRMR (Standardized Root Mean Square Residual)

          Value                              0.000



MODEL RESULTS

                                                    Two-Tailed
                    Estimate       S.E.  Est./S.E.    P-Value

 PMI      ON
    COND               0.477      0.232      2.053      0.040

 REACTION ON
    COND               0.254      0.256      0.995      0.320
    PMI                0.506      0.081      6.255      0.000

 Intercepts
    REACTION           0.527      0.414      1.271      0.204
    PMI                5.377      0.165     32.554      0.000

 Residual Variances
    REACTION           1.893      0.196      9.642      0.000
    PMI                1.675      0.286      5.860      0.000

 New/Additional Parameters
    INDIRCT1           0.241      0.129      1.865      0.062


STANDARDIZED MODEL RESULTS

                       StdY
                    Estimate

 PMI      ON
    COND               0.362

 REACTION ON
    COND               0.165
    PMI                0.432

 Intercepts
    REACTION           0.341
    PMI                4.086

 Residual Variances
    REACTION           0.794
    PMI                0.967


R-SQUARE

    Observed
    Variable        Estimate

    REACTION           0.206
    PMI                0.033


CONFIDENCE INTERVALS OF MODEL RESULTS

                  Lower .5%  Lower 2.5%    Lower 5%    Estimate    Upper 5%  Upper 2.5%   Upper .5%

 PMI      ON
    COND            -0.132       0.017       0.098       0.477       0.864       0.926       1.061

 REACTION ON
    COND            -0.422      -0.256      -0.167       0.254       0.668       0.751       0.909
    PMI              0.294       0.344       0.370       0.506       0.637       0.663       0.720

 Intercepts
    REACTION        -0.534      -0.248      -0.118       0.527       1.250       1.390       1.670
    PMI              4.932       5.048       5.102       5.377       5.643       5.693       5.783

 Residual Variances
    REACTION         1.455       1.560       1.624       1.893       2.277       2.350       2.467
    PMI              1.063       1.199       1.270       1.675       2.234       2.336       2.568

 New/Additional Parameters
    INDIRCT1        -0.056       0.017       0.056       0.241       0.482       0.528       0.640


TECHNICAL 1 OUTPUT


     PARAMETER SPECIFICATION


           NU
              REACTION      PMI           COND
              ________      ________      ________
      1           0             0             0


           LAMBDA
              REACTION      PMI           COND
              ________      ________      ________
 REACTION           0             0             0
 PMI                0             0             0
 COND               0             0             0


           THETA
              REACTION      PMI           COND
              ________      ________      ________
 REACTION           0
 PMI                0             0
 COND               0             0             0


           ALPHA
              REACTION      PMI           COND
              ________      ________      ________
      1           1             2             0


           BETA
              REACTION      PMI           COND
              ________      ________      ________
 REACTION           0             3             4
 PMI                0             0             5
 COND               0             0             0


           PSI
              REACTION      PMI           COND
              ________      ________      ________
 REACTION           6
 PMI                0             7
 COND               0             0             0


     PARAMETER SPECIFICATION FOR THE ADDITIONAL PARAMETERS


           New/Additional Parameters
              INDIRCT1
              ________
 1                  8


     STARTING VALUES


           NU
              REACTION      PMI           COND
              ________      ________      ________
      1         0.000         0.000         0.000


           LAMBDA
              REACTION      PMI           COND
              ________      ________      ________
 REACTION       1.000         0.000         0.000
 PMI            0.000         1.000         0.000
 COND           0.000         0.000         1.000


           THETA
              REACTION      PMI           COND
              ________      ________      ________
 REACTION       0.000
 PMI            0.000         0.000
 COND           0.000         0.000         0.000


           ALPHA
              REACTION      PMI           COND
              ________      ________      ________
      1         3.484         5.602         0.472


           BETA
              REACTION      PMI           COND
              ________      ________      ________
 REACTION       0.000         0.000         0.000
 PMI            0.000         0.000         0.000
 COND           0.000         0.000         0.000


           PSI
              REACTION      PMI           COND
              ________      ________      ________
 REACTION       1.202
 PMI            0.000         0.873
 COND           0.000         0.000         0.249


     STARTING VALUES FOR THE ADDITIONAL PARAMETERS


           New/Additional Parameters
              INDIRCT1
              ________
 1              0.500


TECHNICAL 4 OUTPUT


     ESTIMATES DERIVED FROM THE MODEL


           ESTIMATED MEANS FOR THE LATENT VARIABLES
              REACTION      PMI           COND
              ________      ________      ________
      1         3.484         5.602         0.472


           ESTIMATED COVARIANCE MATRIX FOR THE LATENT VARIABLES
              REACTION      PMI           COND
              ________      ________      ________
 REACTION       2.384
 PMI            0.907         1.732
 COND           0.124         0.119         0.249


           ESTIMATED CORRELATION MATRIX FOR THE LATENT VARIABLES
              REACTION      PMI           COND
              ________      ________      ________
 REACTION       1.000
 PMI            0.446         1.000
 COND           0.160         0.181         1.000


PLOT INFORMATION

The following plots are available:

  Histograms of sample values
  Histograms of estimated values
  Scatterplots (sample values, estimated values)

DIAGRAM INFORMATION

  Use View Diagram under the Diagram menu in the Mplus Editor to view the diagram.
  If running Mplus from the Mplus Diagrammer, the diagram opens automatically.

  Diagram output
    c:\users\owner\documents\stats\hayes (2013) text\pmi\reaction on cond med by pmi boot 10000.dgm

     Beginning Time:  16:42:14
        Ending Time:  16:42:22
       Elapsed Time:  00:00:08



MUTHEN & MUTHEN
3463 Stoner Ave.
Los Angeles, CA  90066

Tel: (310) 391-9971
Fax: (310) 391-8971
Web: www.StatModel.com
Support: Support@StatModel.com

Copyright (c) 1998-2013 Muthen & Muthen
