Mplus VERSION 7.11
MUTHEN & MUTHEN
04/08/2014   4:20 PM

INPUT INSTRUCTIONS

  Title: reaction on cond med by pmi Bayes


  Data:
      File is pmi.txt;

  Variable:
      Names are cond pmi import reaction gender age;
      Usevariables are cond reaction pmi;

  Analysis:
      Estimator = ML;
      Bootstrap = 100000;

  Model:
      pmi on cond (a1);
      reaction on cond;
      reaction on pmi (b1);

  Model Constraint:
      New (indirct1);
      indirct1 = a1*b1;

  Output:
      tech1 tech8 stdy CINTERVAL(bootstrap);

  Plot:
      Type = plot1 plot2;



*** WARNING in OUTPUT command
  TECH8 option is available only with analysis types MIXTURE, RANDOM, or
  TWOLEVEL with estimators ML, MLF, or MLR or ALGORITHM=INTEGRATION.
  Request for TECH8 is ignored.
   1 WARNING(S) FOUND IN THE INPUT INSTRUCTIONS



reaction on cond med by pmi Bayes

SUMMARY OF ANALYSIS

Number of groups                                                 1
Number of observations                                         123

Number of dependent variables                                    2
Number of independent variables                                  1
Number of continuous latent variables                            0

Observed dependent variables

  Continuous
   REACTION    PMI

Observed independent variables
   COND


Estimator                                                       ML
Information matrix                                        OBSERVED
Maximum number of iterations                                  1000
Convergence criterion                                    0.500D-04
Maximum number of steepest descent iterations                   20
Number of bootstrap draws
    Requested                                               100000
    Completed                                               100000

Input data file(s)
  pmi.txt

Input data format  FREE



THE MODEL ESTIMATION TERMINATED NORMALLY



MODEL FIT INFORMATION

Number of Free Parameters                        7

Loglikelihood

          H0 Value                        -420.028
          H1 Value                        -420.028

Information Criteria

          Akaike (AIC)                     854.057
          Bayesian (BIC)                   873.742
          Sample-Size Adjusted BIC         851.608
            (n* = (n + 2) / 24)

Chi-Square Test of Model Fit

          Value                              0.000
          Degrees of Freedom                     0
          P-Value                           0.0000

RMSEA (Root Mean Square Error Of Approximation)

          Estimate                           0.000
          90 Percent C.I.                    0.000  0.000
          Probability RMSEA <= .05           0.000

CFI/TLI

          CFI                                1.000
          TLI                                1.000

Chi-Square Test of Model Fit for the Baseline Model

          Value                             32.444
          Degrees of Freedom                     3
          P-Value                           0.0000

SRMR (Standardized Root Mean Square Residual)

          Value                              0.000



MODEL RESULTS

                                                    Two-Tailed
                    Estimate       S.E.  Est./S.E.    P-Value

 PMI      ON
    COND               0.477      0.234      2.038      0.042

 REACTION ON
    COND               0.254      0.257      0.989      0.323
    PMI                0.506      0.082      6.213      0.000

 Intercepts
    REACTION           0.527      0.418      1.262      0.207
    PMI                5.377      0.165     32.607      0.000

 Residual Variances
    REACTION           1.893      0.196      9.666      0.000
    PMI                1.675      0.287      5.836      0.000

 New/Additional Parameters
    INDIRCT1           0.241      0.131      1.848      0.065


STANDARDIZED MODEL RESULTS

                       StdY
                    Estimate

 PMI      ON
    COND               0.362

 REACTION ON
    COND               0.165
    PMI                0.432

 Intercepts
    REACTION           0.341
    PMI                4.086

 Residual Variances
    REACTION           0.794
    PMI                0.967


R-SQUARE

    Observed
    Variable        Estimate

    REACTION           0.206
    PMI                0.033


CONFIDENCE INTERVALS OF MODEL RESULTS

                  Lower .5%  Lower 2.5%    Lower 5%    Estimate    Upper 5%  Upper 2.5%   Upper .5%

 PMI      ON
    COND            -0.136       0.012       0.090       0.477       0.857       0.927       1.065

 REACTION ON
    COND            -0.416      -0.252      -0.171       0.254       0.675       0.757       0.913
    PMI              0.281       0.341       0.370       0.506       0.637       0.663       0.716

 Intercepts
    REACTION        -0.527      -0.263      -0.133       0.527       1.232       1.385       1.727
    PMI              4.937       5.046       5.102       5.377       5.644       5.693       5.783

 Residual Variances
    REACTION         1.371       1.479       1.537       1.893       2.183       2.248       2.376
    PMI              1.002       1.132       1.202       1.675       2.146       2.250       2.461

 New/Additional Parameters
    INDIRCT1        -0.066       0.006       0.043       0.241       0.468       0.519       0.624


TECHNICAL 1 OUTPUT


     PARAMETER SPECIFICATION


           NU
              REACTION      PMI           COND
              ________      ________      ________
      1           0             0             0


           LAMBDA
              REACTION      PMI           COND
              ________      ________      ________
 REACTION           0             0             0
 PMI                0             0             0
 COND               0             0             0


           THETA
              REACTION      PMI           COND
              ________      ________      ________
 REACTION           0
 PMI                0             0
 COND               0             0             0


           ALPHA
              REACTION      PMI           COND
              ________      ________      ________
      1           1             2             0


           BETA
              REACTION      PMI           COND
              ________      ________      ________
 REACTION           0             3             4
 PMI                0             0             5
 COND               0             0             0


           PSI
              REACTION      PMI           COND
              ________      ________      ________
 REACTION           6
 PMI                0             7
 COND               0             0             0


     PARAMETER SPECIFICATION FOR THE ADDITIONAL PARAMETERS


           New/Additional Parameters
              INDIRCT1
              ________
 1                  8


     STARTING VALUES


           NU
              REACTION      PMI           COND
              ________      ________      ________
      1         0.000         0.000         0.000


           LAMBDA
              REACTION      PMI           COND
              ________      ________      ________
 REACTION       1.000         0.000         0.000
 PMI            0.000         1.000         0.000
 COND           0.000         0.000         1.000


           THETA
              REACTION      PMI           COND
              ________      ________      ________
 REACTION       0.000
 PMI            0.000         0.000
 COND           0.000         0.000         0.000


           ALPHA
              REACTION      PMI           COND
              ________      ________      ________
      1         3.484         5.602         0.472


           BETA
              REACTION      PMI           COND
              ________      ________      ________
 REACTION       0.000         0.000         0.000
 PMI            0.000         0.000         0.000
 COND           0.000         0.000         0.000


           PSI
              REACTION      PMI           COND
              ________      ________      ________
 REACTION       1.202
 PMI            0.000         0.873
 COND           0.000         0.000         0.249


     STARTING VALUES FOR THE ADDITIONAL PARAMETERS


           New/Additional Parameters
              INDIRCT1
              ________
 1              0.500


PLOT INFORMATION

The following plots are available:

  Histograms of sample values
  Histograms of estimated values
  Scatterplots (sample values, estimated values)

DIAGRAM INFORMATION

  Use View Diagram under the Diagram menu in the Mplus Editor to view the diagram.
  If running Mplus from the Mplus Diagrammer, the diagram opens automatically.

  Diagram output
    c:\users\owner\documents\stats\hayes (2013) text\pmi\reaction on cond med by pmi boot 100000 per

     Beginning Time:  16:20:48
        Ending Time:  16:22:04
       Elapsed Time:  00:01:16



MUTHEN & MUTHEN
3463 Stoner Ave.
Los Angeles, CA  90066

Tel: (310) 391-9971
Fax: (310) 391-8971
Web: www.StatModel.com
Support: Support@StatModel.com

Copyright (c) 1998-2013 Muthen & Muthen
