Mplus VERSION 7.11
MUTHEN & MUTHEN
04/03/2014   4:04 PM

INPUT INSTRUCTIONS

  Title: reaction on cond med by pmi Bayes


  Data:
      File is pmi.txt;

  Variable:
      Names are cond pmi import reaction gender age;
      Usevariables are cond reaction;

  Analysis:
      Estimator = Bayes ;
      Biterations = 170000(150000);
      processors = 2;

  Model:
      !pmi on cond (a1);
      reaction on cond;
      !reaction on pmi (b1);

  !Model Constraint:
  !    New (indirct1);
  !    indirct1 = a1*b1;

  Output:
      tech1 tech8 stdy CINTERVAL;

  Plot:
      Type = plot1 plot2;



INPUT READING TERMINATED NORMALLY



reaction on cond med by pmi Bayes

SUMMARY OF ANALYSIS

Number of groups                                                 1
Number of observations                                         123

Number of dependent variables                                    1
Number of independent variables                                  1
Number of continuous latent variables                            0

Observed dependent variables

  Continuous
   REACTION

Observed independent variables
   COND


Estimator                                                    BAYES
Specifications for Bayesian Estimation
  Point estimate                                            MEDIAN
  Number of Markov chain Monte Carlo (MCMC) chains               2
  Random seed for the first chain                                0
  Starting value information                           UNPERTURBED
  Treatment of categorical mediator                         LATENT
  Algorithm used for Markov chain Monte Carlo           GIBBS(PX1)
  Convergence criterion                                  0.500D-01
  Maximum number of iterations                              170000
  K-th iteration used for thinning                               1

Input data file(s)
  pmi.txt
Input data format  FREE



THE MODEL ESTIMATION TERMINATED NORMALLY

     USE THE FBITERATIONS OPTION TO INCREASE THE NUMBER OF ITERATIONS BY A FACTOR
     OF AT LEAST TWO TO CHECK CONVERGENCE AND THAT THE PSR VALUE DOES NOT INCREASE.



MODEL FIT INFORMATION

Number of Free Parameters                               3

Bayesian Posterior Predictive Checking using Chi-Square

          95% Confidence Interval for the Difference Between
          the Observed and the Replicated Chi-Square Values

                                 -7.136             7.499

          Posterior Predictive P-Value              0.497

Information Criterion

          Deviance (DIC)                          458.730
          Estimated Number of Parameters (pD)       2.934
          Bayesian (BIC)                          467.238



MODEL RESULTS

                                Posterior  One-Tailed         95% C.I.
                    Estimate       S.D.      P-Value   Lower 2.5%  Upper 2.5%  Significance

 REACTION   ON
    COND               0.496       0.282      0.039      -0.058       1.053

 Intercepts
    REACTION           3.249       0.193      0.000       2.870       3.630      *

 Residual Variances
    REACTION           2.414       0.321      0.000       1.892       3.148      *


STANDARDIZED MODEL RESULTS


STDY Standardization

                                Posterior  One-Tailed         95% C.I.
                    Estimate       S.D.      P-Value   Lower 2.5%  Upper 2.5%  Significance
 REACTION   ON
    COND               0.157       0.087      0.039      -0.018       0.320

 Intercepts
    REACTION           2.060       0.193      0.000       1.684       2.439      *

 Residual Variances
    REACTION           0.975       0.028      0.000       0.897       1.000      *


R-SQUARE

                                Posterior  One-Tailed         95% C.I.
    Variable        Estimate       S.D.      P-Value   Lower 2.5%  Upper 2.5%

    REACTION           0.025       0.028      0.000       0.000       0.103


CREDIBILITY INTERVALS OF MODEL RESULTS

                  Lower .5%  Lower 2.5%    Lower 5%    Estimate    Upper 5%  Upper 2.5%   Upper .5%

 REACTION ON
    COND            -0.233      -0.058       0.032       0.496       0.960       1.053       1.224

 Intercepts
    REACTION         2.747       2.870       2.931       3.249       3.567       3.630       3.750

 Residual Variances
    REACTION         1.762       1.892       1.964       2.414       3.010       3.148       3.440


CREDIBILITY INTERVALS OF STANDARDIZED MODEL RESULTS


STDY Standardization

                  Lower .5%  Lower 2.5%    Lower 5%    Estimate    Upper 5%  Upper 2.5%   Upper .5%

 REACTION ON
    COND            -0.073      -0.018       0.010       0.157       0.295       0.320       0.366

 Intercepts
    REACTION         1.565       1.684       1.745       2.060       2.379       2.439       2.558

 Residual Variances
    REACTION         0.866       0.897       0.913       0.975       0.999       1.000       1.000


TECHNICAL 1 OUTPUT


     PARAMETER SPECIFICATION


           NU
              REACTION      COND
              ________      ________
 1                  0             0


           LAMBDA
              REACTION      COND
              ________      ________
 REACTION           0             0
 COND               0             0


           THETA
              REACTION      COND
              ________      ________
 REACTION           0
 COND               0             0


           ALPHA
              REACTION      COND
              ________      ________
 1                  1             0


           BETA
              REACTION      COND
              ________      ________
 REACTION           0             2
 COND               0             0


           PSI
              REACTION      COND
              ________      ________
 REACTION           3
 COND               0             0


     STARTING VALUES


           NU
              REACTION      COND
              ________      ________
 1              0.000         0.000


           LAMBDA
              REACTION      COND
              ________      ________
 REACTION       1.000         0.000
 COND           0.000         1.000


           THETA
              REACTION      COND
              ________      ________
 REACTION       0.000
 COND           0.000         0.000


           ALPHA
              REACTION      COND
              ________      ________
 1              3.484         0.000


           BETA
              REACTION      COND
              ________      ________
 REACTION       0.000         0.000
 COND           0.000         0.000


           PSI
              REACTION      COND
              ________      ________
 REACTION       1.202
 COND           0.000         0.126



     PRIORS FOR ALL PARAMETERS            PRIOR MEAN      PRIOR VARIANCE     PRIOR STD. DEV.

     Parameter 1~N(0.000,infinity)           0.0000            infinity            infinity
     Parameter 2~N(0.000,infinity)           0.0000            infinity            infinity
     Parameter 3~IG(-1.000,0.000)          infinity            infinity            infinity


TECHNICAL 8 OUTPUT



     Kolmogorov-Smirnov comparing posterior distributions across chains 1 and 2 using 100 draws.





     Parameter   KS Statistic P-value
     Parameter 1    0.1700    0.0994
     Parameter 2    0.1100    0.5560
     Parameter 3    0.0800    0.8938



     Simulated prior distributions

     Parameter       Prior Mean  Prior Variance  Prior Std. Dev.


     Parameter 1 Improper Prior
     Parameter 2 Improper Prior
     Parameter 3 Improper Prior


   TECHNICAL 8 OUTPUT FOR BAYES ESTIMATION

     CHAIN    BSEED
     1        0
     2        285380

                     POTENTIAL       PARAMETER WITH
     ITERATION    SCALE REDUCTION      HIGHEST PSR
     100              1.021               3
     200              1.000               1
     300              1.007               2
     400              1.001               3
     500              1.000               1
     600              1.001               1
     700              1.004               1
     800              1.002               1
     900              1.001               1
     1000             1.002               1
     1100             1.001               3
     1200             1.001               3
     1300             1.001               3
     1400             1.000               1
     1500             1.000               1
     1600             1.000               2
     1700             1.000               2
     1800             1.000               2
     1900             1.000               2
     2000             1.000               2
     2100             1.000               1
     2200             1.000               1
     2300             1.000               1
     2400             1.000               1
     2500             1.000               1
     2600             1.000               1
     2700             1.000               1
     2800             1.000               1
     2900             1.000               1
     3000             1.000               1
     3100             1.000               1
     3200             1.000               1
     3300             1.000               1
     3400             1.000               1
     3500             1.000               1
     3600             1.000               1
     3700             1.000               1
     3800             1.000               1
     3900             1.000               1
     4000             1.000               1
     4100             1.000               1
     4200             1.000               1
     4300             1.000               1
     4400             1.000               1
     4500             1.000               1
     4600             1.000               1
     4700             1.000               1
     4800             1.000               1
     4900             1.000               1
     5000             1.000               1
     5100             1.000               1
     5200             1.000               1
     5300             1.000               1
     5400             1.000               1
     5500             1.000               1
     5600             1.000               1
     5700             1.000               1
     5800             1.000               1
     5900             1.000               1
     6000             1.000               1
     6100             1.000               1
     6200             1.000               1
     6300             1.000               1
     6400             1.000               1
     6500             1.000               1
     6600             1.000               1
     6700             1.000               1
     6800             1.000               1
     6900             1.000               1
     7000             1.000               1
     7100             1.000               1
     7200             1.000               1
     7300             1.000               1
     7400             1.000               1
     7500             1.000               1
     7600             1.000               1
     7700             1.000               1
     7800             1.000               1
     7900             1.000               1
     8000             1.000               1
     8100             1.000               1
     8200             1.000               1
     8300             1.000               1
     8400             1.000               1
     8500             1.000               1
     8600             1.000               1
     8700             1.000               1
     8800             1.000               1
     8900             1.000               1
     9000             1.000               1
     9100             1.000               1
     9200             1.000               1
     9300             1.000               1
     9400             1.000               1
     9500             1.000               2
     9600             1.000               2
     9700             1.000               2
     9800             1.000               2
     9900             1.000               2
     10000            1.000               2
     10100            1.000               3
     10200            1.000               1
     10300            1.000               1
     10400            1.000               1
     10500            1.000               1
     10600            1.000               1
     10700            1.000               1
     10800            1.000               1
     10900            1.000               1
     11000            1.000               2
     11100            1.000               1
     11200            1.000               1
     11300            1.000               1
     11400            1.000               1
     11500            1.000               2
     11600            1.000               2
     11700            1.000               2
     11800            1.000               3
     11900            1.000               3
     12000            1.000               3
     12100            1.000               3
     12200            1.000               3
     12300            1.000               3
     12400            1.000               3
     12500            1.000               3
     12600            1.000               3
     12700            1.000               2
     12800            1.000               2
     12900            1.000               2
     13000            1.000               2
     13100            1.000               2
     13200            1.000               1
     13300            1.000               1
     13400            1.000               1
     13500            1.000               1
     13600            1.000               1
     13700            1.000               1
     13800            1.000               1
     13900            1.000               1
     14000            1.000               1
     14100            1.000               1
     14200            1.000               1
     14300            1.000               1
     14400            1.000               1
     14500            1.000               2
     14600            1.000               2
     14700            1.000               2
     14800            1.000               2
     14900            1.000               2
     15000            1.000               2
     15100            1.000               2
     15200            1.000               2
     15300            1.000               2
     15400            1.000               2
     15500            1.000               2
     15600            1.000               2
     15700            1.000               2
     15800            1.000               2
     15900            1.000               2
     16000            1.000               2
     16100            1.000               2
     16200            1.000               2
     16300            1.000               2
     16400            1.000               2
     16500            1.000               2
     16600            1.000               2
     16700            1.000               2
     16800            1.000               2
     16900            1.000               2
     17000            1.000               2
     17100            1.000               2
     17200            1.000               1
     17300            1.000               1
     17400            1.000               2
     17500            1.000               1
     17600            1.000               1
     17700            1.000               1
     17800            1.000               1
     17900            1.000               1
     18000            1.000               1
     18100            1.000               1
     18200            1.000               1
     18300            1.000               1
     18400            1.000               1
     18500            1.000               1
     18600            1.000               1
     18700            1.000               1
     18800            1.000               1
     18900            1.000               1
     19000            1.000               1
     19100            1.000               1
     19200            1.000               1
     19300            1.000               1
     19400            1.000               1
     19500            1.000               1
     19600            1.000               1
     19700            1.000               1
     19800            1.000               1
     19900            1.000               1
     20000            1.000               1
     20100            1.000               1
     20200            1.000               1
     20300            1.000               1
     20400            1.000               1
     20500            1.000               1
     20600            1.000               1
     20700            1.000               1
     20800            1.000               1
     20900            1.000               1
     21000            1.000               1
     21100            1.000               1
     21200            1.000               1
     21300            1.000               1
     21400            1.000               1
     21500            1.000               1
     21600            1.000               1
     21700            1.000               1
     21800            1.000               1
     21900            1.000               1
     22000            1.000               1
     22100            1.000               1
     22200            1.000               1
     22300            1.000               1
     22400            1.000               1
     22500            1.000               1
     22600            1.000               1
     22700            1.000               1
     22800            1.000               1
     22900            1.000               1
     23000            1.000               1
     23100            1.000               1
     23200            1.000               1
     23300            1.000               1
     23400            1.000               1
     23500            1.000               1
     23600            1.000               1
     23700            1.000               1
     23800            1.000               1
     23900            1.000               1
     24000            1.000               1
     24100            1.000               1
     24200            1.000               1
     24300            1.000               1
     24400            1.000               1
     24500            1.000               1
     24600            1.000               1
     24700            1.000               1
     24800            1.000               1
     24900            1.000               1
     25000            1.000               1
     25100            1.000               1
     25200            1.000               1
     25300            1.000               1
     25400            1.000               1
     25500            1.000               1
     25600            1.000               1
     25700            1.000               1
     25800            1.000               1
     25900            1.000               1
     26000            1.000               1
     26100            1.000               1
     26200            1.000               1
     26300            1.000               1
     26400            1.000               1
     26500            1.000               1
     26600            1.000               1
     26700            1.000               1
     26800            1.000               1
     26900            1.000               1
     27000            1.000               1
     27100            1.000               1
     27200            1.000               1
     27300            1.000               1
     27400            1.000               1
     27500            1.000               1
     27600            1.000               1
     27700            1.000               1
     27800            1.000               1
     27900            1.000               1
     28000            1.000               1
     28100            1.000               1
     28200            1.000               1
     28300            1.000               1
     28400            1.000               1
     28500            1.000               1
     28600            1.000               1
     28700            1.000               1
     28800            1.000               1
     28900            1.000               1
     29000            1.000               1
     29100            1.000               1
     29200            1.000               1
     29300            1.000               1
     29400            1.000               1
     29500            1.000               1
     29600            1.000               1
     29700            1.000               1
     29800            1.000               1
     29900            1.000               1
     30000            1.000               1
     30100            1.000               1
     30200            1.000               1
     30300            1.000               1
     30400            1.000               1
     30500            1.000               1
     30600            1.000               1
     30700            1.000               1
     30800            1.000               1
     30900            1.000               1
     31000            1.000               1
     31100            1.000               1
     31200            1.000               1
     31300            1.000               1
     31400            1.000               1
     31500            1.000               1
     31600            1.000               1
     31700            1.000               1
     31800            1.000               1
     31900            1.000               1
     32000            1.000               1
     32100            1.000               1
     32200            1.000               1
     32300            1.000               1
     32400            1.000               1
     32500            1.000               1
     32600            1.000               1
     32700            1.000               1
     32800            1.000               1
     32900            1.000               1
     33000            1.000               1
     33100            1.000               1
     33200            1.000               1
     33300            1.000               1
     33400            1.000               1
     33500            1.000               1
     33600            1.000               1
     33700            1.000               1
     33800            1.000               1
     33900            1.000               1
     34000            1.000               1
     34100            1.000               1
     34200            1.000               1
     34300            1.000               1
     34400            1.000               1
     34500            1.000               1
     34600            1.000               1
     34700            1.000               1
     34800            1.000               1
     34900            1.000               1
     35000            1.000               1
     35100            1.000               1
     35200            1.000               1
     35300            1.000               1
     35400            1.000               1
     35500            1.000               1
     35600            1.000               1
     35700            1.000               1
     35800            1.000               1
     35900            1.000               1
     36000            1.000               1
     36100            1.000               1
     36200            1.000               1
     36300            1.000               1
     36400            1.000               1
     36500            1.000               1
     36600            1.000               1
     36700            1.000               1
     36800            1.000               1
     36900            1.000               1
     37000            1.000               1
     37100            1.000               1
     37200            1.000               1
     37300            1.000               1
     37400            1.000               1
     37500            1.000               1
     37600            1.000               1
     37700            1.000               1
     37800            1.000               1
     37900            1.000               1
     38000            1.000               1
     38100            1.000               1
     38200            1.000               1
     38300            1.000               1
     38400            1.000               1
     38500            1.000               1
     38600            1.000               1
     38700            1.000               1
     38800            1.000               1
     38900            1.000               1
     39000            1.000               1
     39100            1.000               1
     39200            1.000               1
     39300            1.000               1
     39400            1.000               1
     39500            1.000               1
     39600            1.000               1
     39700            1.000               1
     39800            1.000               1
     39900            1.000               1
     40000            1.000               1
     40100            1.000               1
     40200            1.000               1
     40300            1.000               1
     40400            1.000               1
     40500            1.000               1
     40600            1.000               1
     40700            1.000               1
     40800            1.000               1
     40900            1.000               1
     41000            1.000               1
     41100            1.000               1
     41200            1.000               1
     41300            1.000               1
     41400            1.000               1
     41500            1.000               1
     41600            1.000               1
     41700            1.000               1
     41800            1.000               1
     41900            1.000               1
     42000            1.000               1
     42100            1.000               1
     42200            1.000               1
     42300            1.000               1
     42400            1.000               1
     42500            1.000               1
     42600            1.000               1
     42700            1.000               1
     42800            1.000               1
     42900            1.000               1
     43000            1.000               1
     43100            1.000               1
     43200            1.000               1
     43300            1.000               1
     43400            1.000               1
     43500            1.000               1
     43600            1.000               1
     43700            1.000               1
     43800            1.000               1
     43900            1.000               1
     44000            1.000               1
     44100            1.000               1
     44200            1.000               1
     44300            1.000               1
     44400            1.000               1
     44500            1.000               1
     44600            1.000               1
     44700            1.000               1
     44800            1.000               1
     44900            1.000               1
     45000            1.000               1
     45100            1.000               1
     45200            1.000               1
     45300            1.000               1
     45400            1.000               1
     45500            1.000               1
     45600            1.000               1
     45700            1.000               1
     45800            1.000               1
     45900            1.000               1
     46000            1.000               1
     46100            1.000               1
     46200            1.000               1
     46300            1.000               1
     46400            1.000               1
     46500            1.000               1
     46600            1.000               1
     46700            1.000               1
     46800            1.000               1
     46900            1.000               1
     47000            1.000               1
     47100            1.000               1
     47200            1.000               1
     47300            1.000               1
     47400            1.000               1
     47500            1.000               1
     47600            1.000               1
     47700            1.000               1
     47800            1.000               1
     47900            1.000               1
     48000            1.000               1
     48100            1.000               1
     48200            1.000               1
     48300            1.000               1
     48400            1.000               1
     48500            1.000               1
     48600            1.000               1
     48700            1.000               1
     48800            1.000               1
     48900            1.000               1
     49000            1.000               1
     49100            1.000               1
     49200            1.000               1
     49300            1.000               1
     49400            1.000               1
     49500            1.000               1
     49600            1.000               1
     49700            1.000               1
     49800            1.000               1
     49900            1.000               1
     50000            1.000               1
     50100            1.000               1
     50200            1.000               1
     50300            1.000               1
     50400            1.000               1
     50500            1.000               1
     50600            1.000               1
     50700            1.000               1
     50800            1.000               1
     50900            1.000               1
     51000            1.000               1
     51100            1.000               1
     51200            1.000               1
     51300            1.000               1
     51400            1.000               1
     51500            1.000               1
     51600            1.000               1
     51700            1.000               1
     51800            1.000               1
     51900            1.000               1
     52000            1.000               1
     52100            1.000               2
     52200            1.000               2
     52300            1.000               1
     52400            1.000               2
     52500            1.000               1
     52600            1.000               1
     52700            1.000               1
     52800            1.000               1
     52900            1.000               1
     53000            1.000               1
     53100            1.000               1
     53200            1.000               1
     53300            1.000               2
     53400            1.000               2
     53500            1.000               2
     53600            1.000               2
     53700            1.000               2
     53800            1.000               2
     53900            1.000               2
     54000            1.000               2
     54100            1.000               2
     54200            1.000               2
     54300            1.000               1
     54400            1.000               1
     54500            1.000               1
     54600            1.000               1
     54700            1.000               1
     54800            1.000               1
     54900            1.000               1
     55000            1.000               1
     55100            1.000               1
     55200            1.000               1
     55300            1.000               1
     55400            1.000               1
     55500            1.000               1
     55600            1.000               1
     55700            1.000               1
     55800            1.000               1
     55900            1.000               1
     56000            1.000               1
     56100            1.000               1
     56200            1.000               1
     56300            1.000               1
     56400            1.000               1
     56500            1.000               1
     56600            1.000               1
     56700            1.000               1
     56800            1.000               1
     56900            1.000               1
     57000            1.000               1
     57100            1.000               1
     57200            1.000               1
     57300            1.000               1
     57400            1.000               1
     57500            1.000               1
     57600            1.000               1
     57700            1.000               1
     57800            1.000               1
     57900            1.000               1
     58000            1.000               1
     58100            1.000               1
     58200            1.000               1
     58300            1.000               1
     58400            1.000               1
     58500            1.000               1
     58600            1.000               1
     58700            1.000               1
     58800            1.000               1
     58900            1.000               1
     59000            1.000               1
     59100            1.000               1
     59200            1.000               1
     59300            1.000               1
     59400            1.000               3
     59500            1.000               3
     59600            1.000               3
     59700            1.000               3
     59800            1.000               3
     59900            1.000               3
     60000            1.000               1
     60100            1.000               3
     60200            1.000               1
     60300            1.000               1
     60400            1.000               1
     60500            1.000               3
     60600            1.000               1
     60700            1.000               1
     60800            1.000               1
     60900            1.000               1
     61000            1.000               1
     61100            1.000               1
     61200            1.000               1
     61300            1.000               1
     61400            1.000               1
     61500            1.000               1
     61600            1.000               1
     61700            1.000               1
     61800            1.000               1
     61900            1.000               1
     62000            1.000               1
     62100            1.000               1
     62200            1.000               1
     62300            1.000               1
     62400            1.000               1
     62500            1.000               1
     62600            1.000               1
     62700            1.000               1
     62800            1.000               1
     62900            1.000               1
     63000            1.000               1
     63100            1.000               1
     63200            1.000               1
     63300            1.000               1
     63400            1.000               1
     63500            1.000               1
     63600            1.000               1
     63700            1.000               1
     63800            1.000               1
     63900            1.000               1
     64000            1.000               1
     64100            1.000               1
     64200            1.000               1
     64300            1.000               1
     64400            1.000               1
     64500            1.000               1
     64600            1.000               1
     64700            1.000               1
     64800            1.000               1
     64900            1.000               1
     65000            1.000               1
     65100            1.000               1
     65200            1.000               1
     65300            1.000               1
     65400            1.000               1
     65500            1.000               1
     65600            1.000               1
     65700            1.000               1
     65800            1.000               1
     65900            1.000               1
     66000            1.000               1
     66100            1.000               1
     66200            1.000               3
     66300            1.000               1
     66400            1.000               1
     66500            1.000               1
     66600            1.000               3
     66700            1.000               3
     66800            1.000               3
     66900            1.000               1
     67000            1.000               1
     67100            1.000               1
     67200            1.000               1
     67300            1.000               1
     67400            1.000               1
     67500            1.000               1
     67600            1.000               1
     67700            1.000               1
     67800            1.000               1
     67900            1.000               3
     68000            1.000               1
     68100            1.000               3
     68200            1.000               3
     68300            1.000               3
     68400            1.000               3
     68500            1.000               3
     68600            1.000               3
     68700            1.000               3
     68800            1.000               3
     68900            1.000               3
     69000            1.000               3
     69100            1.000               3
     69200            1.000               3
     69300            1.000               3
     69400            1.000               3
     69500            1.000               3
     69600            1.000               1
     69700            1.000               1
     69800            1.000               1
     69900            1.000               1
     70000            1.000               3
     70100            1.000               3
     70200            1.000               3
     70300            1.000               3
     70400            1.000               3
     70500            1.000               3
     70600            1.000               3
     70700            1.000               3
     70800            1.000               3
     70900            1.000               3
     71000            1.000               1
     71100            1.000               3
     71200            1.000               3
     71300            1.000               3
     71400            1.000               3
     71500            1.000               1
     71600            1.000               1
     71700            1.000               1
     71800            1.000               3
     71900            1.000               3
     72000            1.000               3
     72100            1.000               3
     72200            1.000               3
     72300            1.000               3
     72400            1.000               3
     72500            1.000               3
     72600            1.000               3
     72700            1.000               3
     72800            1.000               3
     72900            1.000               3
     73000            1.000               3
     73100            1.000               3
     73200            1.000               3
     73300            1.000               3
     73400            1.000               3
     73500            1.000               3
     73600            1.000               3
     73700            1.000               3
     73800            1.000               3
     73900            1.000               3
     74000            1.000               1
     74100            1.000               1
     74200            1.000               1
     74300            1.000               3
     74400            1.000               3
     74500            1.000               3
     74600            1.000               3
     74700            1.000               3
     74800            1.000               3
     74900            1.000               3
     75000            1.000               3
     75100            1.000               3
     75200            1.000               3
     75300            1.000               3
     75400            1.000               3
     75500            1.000               3
     75600            1.000               3
     75700            1.000               3
     75800            1.000               3
     75900            1.000               3
     76000            1.000               3
     76100            1.000               3
     76200            1.000               3
     76300            1.000               3
     76400            1.000               3
     76500            1.000               3
     76600            1.000               3
     76700            1.000               3
     76800            1.000               3
     76900            1.000               3
     77000            1.000               3
     77100            1.000               3
     77200            1.000               3
     77300            1.000               3
     77400            1.000               3
     77500            1.000               3
     77600            1.000               3
     77700            1.000               3
     77800            1.000               3
     77900            1.000               3
     78000            1.000               1
     78100            1.000               1
     78200            1.000               1
     78300            1.000               1
     78400            1.000               1
     78500            1.000               2
     78600            1.000               2
     78700            1.000               2
     78800            1.000               2
     78900            1.000               2
     79000            1.000               2
     79100            1.000               2
     79200            1.000               3
     79300            1.000               3
     79400            1.000               3
     79500            1.000               3
     79600            1.000               3
     79700            1.000               3
     79800            1.000               3
     79900            1.000               3
     80000            1.000               3
     80100            1.000               1
     80200            1.000               1
     80300            1.000               1
     80400            1.000               3
     80500            1.000               3
     80600            1.000               3
     80700            1.000               3
     80800            1.000               3
     80900            1.000               3
     81000            1.000               3
     81100            1.000               1
     81200            1.000               3
     81300            1.000               3
     81400            1.000               1
     81500            1.000               1
     81600            1.000               3
     81700            1.000               1
     81800            1.000               1
     81900            1.000               1
     82000            1.000               3
     82100            1.000               3
     82200            1.000               3
     82300            1.000               3
     82400            1.000               3
     82500            1.000               3
     82600            1.000               3
     82700            1.000               3
     82800            1.000               3
     82900            1.000               3
     83000            1.000               3
     83100            1.000               3
     83200            1.000               3
     83300            1.000               3
     83400            1.000               3
     83500            1.000               3
     83600            1.000               3
     83700            1.000               2
     83800            1.000               2
     83900            1.000               2
     84000            1.000               2
     84100            1.000               2
     84200            1.000               2
     84300            1.000               2
     84400            1.000               2
     84500            1.000               2
     84600            1.000               2
     84700            1.000               2
     84800            1.000               2
     84900            1.000               2
     85000            1.000               2
     85100            1.000               2
     85200            1.000               2
     85300            1.000               2
     85400            1.000               2
     85500            1.000               2
     85600            1.000               2
     85700            1.000               2
     85800            1.000               2
     85900            1.000               2
     86000            1.000               3
     86100            1.000               2
     86200            1.000               2
     86300            1.000               2
     86400            1.000               2
     86500            1.000               3
     86600            1.000               3
     86700            1.000               1
     86800            1.000               1
     86900            1.000               2
     87000            1.000               2
     87100            1.000               2
     87200            1.000               2
     87300            1.000               2
     87400            1.000               2
     87500            1.000               2
     87600            1.000               2
     87700            1.000               2
     87800            1.000               2
     87900            1.000               2
     88000            1.000               2
     88100            1.000               3
     88200            1.000               3
     88300            1.000               3
     88400            1.000               2
     88500            1.000               3
     88600            1.000               3
     88700            1.000               3
     88800            1.000               3
     88900            1.000               3
     89000            1.000               3
     89100            1.000               3
     89200            1.000               3
     89300            1.000               3
     89400            1.000               2
     89500            1.000               2
     89600            1.000               2
     89700            1.000               2
     89800            1.000               2
     89900            1.000               2
     90000            1.000               2
     90100            1.000               2
     90200            1.000               2
     90300            1.000               2
     90400            1.000               2
     90500            1.000               2
     90600            1.000               2
     90700            1.000               2
     90800            1.000               2
     90900            1.000               2
     91000            1.000               2
     91100            1.000               2
     91200            1.000               2
     91300            1.000               2
     91400            1.000               2
     91500            1.000               2
     91600            1.000               2
     91700            1.000               2
     91800            1.000               2
     91900            1.000               2
     92000            1.000               2
     92100            1.000               2
     92200            1.000               2
     92300            1.000               2
     92400            1.000               2
     92500            1.000               2
     92600            1.000               2
     92700            1.000               2
     92800            1.000               2
     92900            1.000               2
     93000            1.000               2
     93100            1.000               2
     93200            1.000               2
     93300            1.000               2
     93400            1.000               2
     93500            1.000               2
     93600            1.000               2
     93700            1.000               2
     93800            1.000               2
     93900            1.000               2
     94000            1.000               2
     94100            1.000               2
     94200            1.000               2
     94300            1.000               2
     94400            1.000               2
     94500            1.000               2
     94600            1.000               2
     94700            1.000               2
     94800            1.000               2
     94900            1.000               2
     95000            1.000               2
     95100            1.000               2
     95200            1.000               2
     95300            1.000               2
     95400            1.000               2
     95500            1.000               2
     95600            1.000               2
     95700            1.000               2
     95800            1.000               2
     95900            1.000               2
     96000            1.000               2
     96100            1.000               2
     96200            1.000               2
     96300            1.000               2
     96400            1.000               2
     96500            1.000               2
     96600            1.000               2
     96700            1.000               2
     96800            1.000               2
     96900            1.000               2
     97000            1.000               2
     97100            1.000               2
     97200            1.000               2
     97300            1.000               2
     97400            1.000               2
     97500            1.000               2
     97600            1.000               2
     97700            1.000               2
     97800            1.000               2
     97900            1.000               2
     98000            1.000               2
     98100            1.000               2
     98200            1.000               2
     98300            1.000               2
     98400            1.000               2
     98500            1.000               2
     98600            1.000               2
     98700            1.000               2
     98800            1.000               2
     98900            1.000               2
     99000            1.000               2
     99100            1.000               2
     99200            1.000               2
     99300            1.000               2
     99400            1.000               2
     99500            1.000               2
     99600            1.000               2
     99700            1.000               2
     99800            1.000               2
     99900            1.000               2
     100000           1.000               2
     100100           1.000               2
     100200           1.000               2
     100300           1.000               2
     100400           1.000               2
     100500           1.000               2
     100600           1.000               2
     100700           1.000               2
     100800           1.000               2
     100900           1.000               2
     101000           1.000               2
     101100           1.000               2
     101200           1.000               2
     101300           1.000               2
     101400           1.000               2
     101500           1.000               2
     101600           1.000               2
     101700           1.000               2
     101800           1.000               2
     101900           1.000               2
     102000           1.000               2
     102100           1.000               2
     102200           1.000               2
     102300           1.000               2
     102400           1.000               2
     102500           1.000               2
     102600           1.000               2
     102700           1.000               2
     102800           1.000               2
     102900           1.000               2
     103000           1.000               2
     103100           1.000               2
     103200           1.000               2
     103300           1.000               2
     103400           1.000               2
     103500           1.000               2
     103600           1.000               2
     103700           1.000               2
     103800           1.000               2
     103900           1.000               2
     104000           1.000               2
     104100           1.000               2
     104200           1.000               2
     104300           1.000               2
     104400           1.000               2
     104500           1.000               2
     104600           1.000               2
     104700           1.000               2
     104800           1.000               2
     104900           1.000               2
     105000           1.000               2
     105100           1.000               2
     105200           1.000               2
     105300           1.000               2
     105400           1.000               2
     105500           1.000               2
     105600           1.000               1
     105700           1.000               1
     105800           1.000               1
     105900           1.000               1
     106000           1.000               1
     106100           1.000               1
     106200           1.000               1
     106300           1.000               1
     106400           1.000               1
     106500           1.000               1
     106600           1.000               1
     106700           1.000               1
     106800           1.000               1
     106900           1.000               1
     107000           1.000               1
     107100           1.000               1
     107200           1.000               1
     107300           1.000               1
     107400           1.000               1
     107500           1.000               1
     107600           1.000               1
     107700           1.000               1
     107800           1.000               1
     107900           1.000               1
     108000           1.000               1
     108100           1.000               1
     108200           1.000               1
     108300           1.000               1
     108400           1.000               1
     108500           1.000               1
     108600           1.000               1
     108700           1.000               1
     108800           1.000               1
     108900           1.000               1
     109000           1.000               1
     109100           1.000               1
     109200           1.000               1
     109300           1.000               1
     109400           1.000               1
     109500           1.000               1
     109600           1.000               1
     109700           1.000               1
     109800           1.000               1
     109900           1.000               1
     110000           1.000               2
     110100           1.000               2
     110200           1.000               2
     110300           1.000               2
     110400           1.000               2
     110500           1.000               2
     110600           1.000               1
     110700           1.000               2
     110800           1.000               2
     110900           1.000               2
     111000           1.000               2
     111100           1.000               2
     111200           1.000               2
     111300           1.000               2
     111400           1.000               2
     111500           1.000               2
     111600           1.000               2
     111700           1.000               2
     111800           1.000               2
     111900           1.000               2
     112000           1.000               2
     112100           1.000               2
     112200           1.000               2
     112300           1.000               2
     112400           1.000               2
     112500           1.000               2
     112600           1.000               2
     112700           1.000               2
     112800           1.000               2
     112900           1.000               2
     113000           1.000               2
     113100           1.000               2
     113200           1.000               2
     113300           1.000               2
     113400           1.000               2
     113500           1.000               2
     113600           1.000               2
     113700           1.000               2
     113800           1.000               2
     113900           1.000               2
     114000           1.000               2
     114100           1.000               2
     114200           1.000               2
     114300           1.000               2
     114400           1.000               2
     114500           1.000               2
     114600           1.000               2
     114700           1.000               2
     114800           1.000               2
     114900           1.000               2
     115000           1.000               2
     115100           1.000               2
     115200           1.000               2
     115300           1.000               2
     115400           1.000               2
     115500           1.000               2
     115600           1.000               2
     115700           1.000               2
     115800           1.000               2
     115900           1.000               2
     116000           1.000               2
     116100           1.000               2
     116200           1.000               2
     116300           1.000               2
     116400           1.000               2
     116500           1.000               2
     116600           1.000               2
     116700           1.000               2
     116800           1.000               2
     116900           1.000               2
     117000           1.000               2
     117100           1.000               2
     117200           1.000               2
     117300           1.000               2
     117400           1.000               2
     117500           1.000               2
     117600           1.000               2
     117700           1.000               2
     117800           1.000               2
     117900           1.000               2
     118000           1.000               2
     118100           1.000               2
     118200           1.000               2
     118300           1.000               2
     118400           1.000               2
     118500           1.000               2
     118600           1.000               2
     118700           1.000               2
     118800           1.000               2
     118900           1.000               2
     119000           1.000               2
     119100           1.000               2
     119200           1.000               2
     119300           1.000               2
     119400           1.000               2
     119500           1.000               2
     119600           1.000               2
     119700           1.000               2
     119800           1.000               2
     119900           1.000               2
     120000           1.000               2
     120100           1.000               2
     120200           1.000               2
     120300           1.000               2
     120400           1.000               2
     120500           1.000               2
     120600           1.000               2
     120700           1.000               2
     120800           1.000               2
     120900           1.000               2
     121000           1.000               2
     121100           1.000               2
     121200           1.000               2
     121300           1.000               2
     121400           1.000               2
     121500           1.000               2
     121600           1.000               2
     121700           1.000               2
     121800           1.000               2
     121900           1.000               2
     122000           1.000               2
     122100           1.000               2
     122200           1.000               2
     122300           1.000               2
     122400           1.000               2
     122500           1.000               2
     122600           1.000               2
     122700           1.000               2
     122800           1.000               2
     122900           1.000               2
     123000           1.000               2
     123100           1.000               2
     123200           1.000               2
     123300           1.000               2
     123400           1.000               2
     123500           1.000               2
     123600           1.000               2
     123700           1.000               2
     123800           1.000               2
     123900           1.000               2
     124000           1.000               2
     124100           1.000               2
     124200           1.000               2
     124300           1.000               2
     124400           1.000               2
     124500           1.000               2
     124600           1.000               2
     124700           1.000               1
     124800           1.000               1
     124900           1.000               1
     125000           1.000               1
     125100           1.000               1
     125200           1.000               1
     125300           1.000               1
     125400           1.000               1
     125500           1.000               1
     125600           1.000               1
     125700           1.000               1
     125800           1.000               1
     125900           1.000               1
     126000           1.000               2
     126100           1.000               2
     126200           1.000               2
     126300           1.000               2
     126400           1.000               1
     126500           1.000               1
     126600           1.000               1
     126700           1.000               1
     126800           1.000               1
     126900           1.000               1
     127000           1.000               1
     127100           1.000               1
     127200           1.000               1
     127300           1.000               1
     127400           1.000               1
     127500           1.000               1
     127600           1.000               1
     127700           1.000               1
     127800           1.000               1
     127900           1.000               1
     128000           1.000               1
     128100           1.000               1
     128200           1.000               1
     128300           1.000               1
     128400           1.000               1
     128500           1.000               1
     128600           1.000               1
     128700           1.000               1
     128800           1.000               1
     128900           1.000               1
     129000           1.000               1
     129100           1.000               1
     129200           1.000               1
     129300           1.000               1
     129400           1.000               1
     129500           1.000               1
     129600           1.000               1
     129700           1.000               1
     129800           1.000               1
     129900           1.000               1
     130000           1.000               1
     130100           1.000               1
     130200           1.000               1
     130300           1.000               1
     130400           1.000               1
     130500           1.000               1
     130600           1.000               1
     130700           1.000               1
     130800           1.000               1
     130900           1.000               1
     131000           1.000               1
     131100           1.000               1
     131200           1.000               1
     131300           1.000               1
     131400           1.000               1
     131500           1.000               1
     131600           1.000               1
     131700           1.000               1
     131800           1.000               1
     131900           1.000               1
     132000           1.000               1
     132100           1.000               1
     132200           1.000               1
     132300           1.000               1
     132400           1.000               1
     132500           1.000               1
     132600           1.000               1
     132700           1.000               1
     132800           1.000               1
     132900           1.000               1
     133000           1.000               1
     133100           1.000               1
     133200           1.000               1
     133300           1.000               1
     133400           1.000               1
     133500           1.000               1
     133600           1.000               1
     133700           1.000               1
     133800           1.000               1
     133900           1.000               1
     134000           1.000               1
     134100           1.000               1
     134200           1.000               1
     134300           1.000               1
     134400           1.000               1
     134500           1.000               2
     134600           1.000               2
     134700           1.000               2
     134800           1.000               2
     134900           1.000               2
     135000           1.000               2
     135100           1.000               2
     135200           1.000               2
     135300           1.000               2
     135400           1.000               2
     135500           1.000               2
     135600           1.000               2
     135700           1.000               2
     135800           1.000               2
     135900           1.000               2
     136000           1.000               2
     136100           1.000               2
     136200           1.000               2
     136300           1.000               2
     136400           1.000               2
     136500           1.000               2
     136600           1.000               2
     136700           1.000               2
     136800           1.000               2
     136900           1.000               2
     137000           1.000               2
     137100           1.000               1
     137200           1.000               1
     137300           1.000               1
     137400           1.000               1
     137500           1.000               1
     137600           1.000               1
     137700           1.000               1
     137800           1.000               1
     137900           1.000               1
     138000           1.000               1
     138100           1.000               1
     138200           1.000               2
     138300           1.000               1
     138400           1.000               1
     138500           1.000               2
     138600           1.000               2
     138700           1.000               2
     138800           1.000               2
     138900           1.000               2
     139000           1.000               2
     139100           1.000               2
     139200           1.000               1
     139300           1.000               2
     139400           1.000               2
     139500           1.000               2
     139600           1.000               2
     139700           1.000               2
     139800           1.000               2
     139900           1.000               2
     140000           1.000               2
     140100           1.000               1
     140200           1.000               1
     140300           1.000               1
     140400           1.000               1
     140500           1.000               1
     140600           1.000               1
     140700           1.000               1
     140800           1.000               1
     140900           1.000               1
     141000           1.000               1
     141100           1.000               1
     141200           1.000               1
     141300           1.000               1
     141400           1.000               2
     141500           1.000               1
     141600           1.000               1
     141700           1.000               2
     141800           1.000               2
     141900           1.000               1
     142000           1.000               1
     142100           1.000               1
     142200           1.000               2
     142300           1.000               1
     142400           1.000               1
     142500           1.000               1
     142600           1.000               1
     142700           1.000               1
     142800           1.000               2
     142900           1.000               1
     143000           1.000               1
     143100           1.000               1
     143200           1.000               1
     143300           1.000               1
     143400           1.000               1
     143500           1.000               1
     143600           1.000               1
     143700           1.000               1
     143800           1.000               1
     143900           1.000               1
     144000           1.000               1
     144100           1.000               1
     144200           1.000               1
     144300           1.000               1
     144400           1.000               1
     144500           1.000               1
     144600           1.000               1
     144700           1.000               1
     144800           1.000               1
     144900           1.000               1
     145000           1.000               1
     145100           1.000               1
     145200           1.000               1
     145300           1.000               1
     145400           1.000               1
     145500           1.000               1
     145600           1.000               1
     145700           1.000               1
     145800           1.000               1
     145900           1.000               1
     146000           1.000               1
     146100           1.000               1
     146200           1.000               1
     146300           1.000               1
     146400           1.000               1
     146500           1.000               1
     146600           1.000               1
     146700           1.000               1
     146800           1.000               1
     146900           1.000               1
     147000           1.000               1
     147100           1.000               1
     147200           1.000               1
     147300           1.000               1
     147400           1.000               1
     147500           1.000               1
     147600           1.000               1
     147700           1.000               1
     147800           1.000               1
     147900           1.000               2
     148000           1.000               2
     148100           1.000               2
     148200           1.000               1
     148300           1.000               1
     148400           1.000               1
     148500           1.000               1
     148600           1.000               1
     148700           1.000               1
     148800           1.000               1
     148900           1.000               1
     149000           1.000               1
     149100           1.000               1
     149200           1.000               1
     149300           1.000               1
     149400           1.000               1
     149500           1.000               1
     149600           1.000               1
     149700           1.000               1
     149800           1.000               1
     149900           1.000               1
     150000           1.000               1


PLOT INFORMATION

The following plots are available:

  Histograms of sample values
  Scatterplots (sample values)
  Bayesian posterior parameter distributions
  Bayesian posterior parameter trace plots
  Bayesian autocorrelation plots
  Bayesian posterior predictive checking scatterplots
  Bayesian posterior predictive checking distribution plots

DIAGRAM INFORMATION

  Use View Diagram under the Diagram menu in the Mplus Editor to view the diagram.
  If running Mplus from the Mplus Diagrammer, the diagram opens automatically.

  Diagram output
    c:\users\owner\documents\stats\hayes (2013) text\pmi\reaction on cond bayes.dgm

     Beginning Time:  16:04:53
        Ending Time:  16:04:58
       Elapsed Time:  00:00:05



MUTHEN & MUTHEN
3463 Stoner Ave.
Los Angeles, CA  90066

Tel: (310) 391-9971
Fax: (310) 391-8971
Web: www.StatModel.com
Support: Support@StatModel.com

Copyright (c) 1998-2013 Muthen & Muthen
