Mplus VERSION 7.11
MUTHEN & MUTHEN
04/24/2014   5:10 PM

INPUT INSTRUCTIONS

  Title: Conditional Process Modeling

  Data:
      File is teams.txt;

  Variable:
      Names are dysfunc negtone negexp perform;
      Usevariables are dysfunc negtone negexp perform mv;

  Define:
      mv = negtone*negexp;

  Analysis:
      Estimator = ML;
      Bootstrap = 10000;

  Model:
      !dysfunc(x) negtone(m) negexp(v) perform(y)
      negtone on dysfunc(a);
      perform on dysfunc(cprime);
      perform on negtone(b1);
      perform on negexp(b2);
      perform on mv(b3);


  Model Constraint:
      New (ind1 );!ind2 ind3 diff1 diff2 diff3);
      ind1 = a*(b1 + (b3*-0.73));
      !ind2 = a*b2;
      !ind3 = a*b3;
      !diff1 = ind1-ind2;
      !diff2 = ind1-ind3;
      !diff3 = ind2-ind3;

  Output:
      tech1 tech4 stdy CINTERVAL(bcboot);

  Plot:
      Type = plot1 plot2;



*** ERROR
   A*(B1 +(B3*-0.73) )
                 ^
                 ERROR
   1 ERROR(S) FOUND IN THE INPUT INSTRUCTIONS



Conditional Process Modeling

SUMMARY OF ANALYSIS

Number of groups                                                 1
Number of observations                                          60

Number of dependent variables                                    2
Number of independent variables                                  3
Number of continuous latent variables                            0

Observed dependent variables

  Continuous
   NEGTONE     PERFORM

Observed independent variables
   DYSFUNC     NEGEXP      MV


Estimator                                                       ML
Information matrix                                        OBSERVED
Maximum number of iterations                                  1000
Convergence criterion                                    0.500D-04
Maximum number of steepest descent iterations                   20
Number of bootstrap draws
    Requested                                                10000
    Completed                                                10000

Input data file(s)
  teams.txt

Input data format  FREE



THE MODEL ESTIMATION TERMINATED NORMALLY



MODEL FIT INFORMATION

Number of Free Parameters                        9

Loglikelihood

          H0 Value                         -74.074
          H1 Value                         -70.861

Information Criteria

          Akaike (AIC)                     166.148
          Bayesian (BIC)                   184.997
          Sample-Size Adjusted BIC         156.690
            (n* = (n + 2) / 24)

Chi-Square Test of Model Fit

          Value                              6.425
          Degrees of Freedom                     2
          P-Value                           0.0403

RMSEA (Root Mean Square Error Of Approximation)

          Estimate                           0.192
          90 Percent C.I.                    0.035  0.367
          Probability RMSEA <= .05           0.060

CFI/TLI

          CFI                                0.872
          TLI                                0.553

Chi-Square Test of Model Fit for the Baseline Model

          Value                             41.668
          Degrees of Freedom                     7
          P-Value                           0.0000

SRMR (Standardized Root Mean Square Residual)

          Value                              0.075



MODEL RESULTS

                                                    Two-Tailed
                    Estimate       S.E.  Est./S.E.    P-Value

 NEGTONE  ON
    DYSFUNC            0.620      0.227      2.727      0.006

 PERFORM  ON
    DYSFUNC            0.366      0.195      1.876      0.061
    NEGTONE           -0.436      0.132     -3.297      0.001
    NEGEXP            -0.019      0.103     -0.187      0.851
    MV                -0.517      0.243     -2.129      0.033

 Intercepts
    NEGTONE            0.026      0.059      0.434      0.664
    PERFORM           -0.012      0.059     -0.201      0.840

 Residual Variances
    NEGTONE            0.219      0.052      4.242      0.000
    PERFORM            0.185      0.032      5.743      0.000

 New/Additional Parameters
    IND1              -0.093      0.111     -0.836      0.403


STANDARDIZED MODEL RESULTS

                       StdY
                    Estimate

 NEGTONE  ON
    DYSFUNC            1.190

 PERFORM  ON
    DYSFUNC            0.733
    NEGTONE           -0.454
    NEGEXP            -0.038
    MV                -1.035

 Intercepts
    NEGTONE            0.049
    PERFORM           -0.024

 Residual Variances
    NEGTONE            0.808
    PERFORM            0.740


R-SQUARE

    Observed
    Variable        Estimate

    NEGTONE            0.192
    PERFORM            0.260


CONFIDENCE INTERVALS OF MODEL RESULTS

                  Lower .5%  Lower 2.5%    Lower 5%    Estimate    Upper 5%  Upper 2.5%   Upper .5%

 NEGTONE  ON
    DYSFUNC          0.102       0.209       0.267       0.620       1.019       1.098       1.250

 PERFORM  ON
    DYSFUNC         -0.175      -0.014       0.064       0.366       0.679       0.727       0.813
    NEGTONE         -0.734      -0.663      -0.629      -0.436      -0.201      -0.146      -0.043
    NEGEXP          -0.288      -0.216      -0.183      -0.019       0.155       0.184       0.262
    MV              -1.264      -1.061      -0.966      -0.517      -0.167      -0.108       0.029

 Intercepts
    NEGTONE         -0.123      -0.087      -0.068       0.026       0.126       0.146       0.187
    PERFORM         -0.160      -0.125      -0.105      -0.012       0.087       0.105       0.139

 Residual Variances
    NEGTONE          0.117       0.138       0.151       0.219       0.331       0.350       0.382
    PERFORM          0.119       0.137       0.146       0.185       0.258       0.269       0.292

 New/Additional Parameters
    IND1            -0.446      -0.349      -0.302      -0.093       0.055       0.085       0.159


TECHNICAL 1 OUTPUT


     PARAMETER SPECIFICATION


           NU
              NEGTONE       PERFORM       DYSFUNC       NEGEXP        MV
              ________      ________      ________      ________      ________
      1           0             0             0             0             0


           LAMBDA
              NEGTONE       PERFORM       DYSFUNC       NEGEXP        MV
              ________      ________      ________      ________      ________
 NEGTONE            0             0             0             0             0
 PERFORM            0             0             0             0             0
 DYSFUNC            0             0             0             0             0
 NEGEXP             0             0             0             0             0
 MV                 0             0             0             0             0


           THETA
              NEGTONE       PERFORM       DYSFUNC       NEGEXP        MV
              ________      ________      ________      ________      ________
 NEGTONE            0
 PERFORM            0             0
 DYSFUNC            0             0             0
 NEGEXP             0             0             0             0
 MV                 0             0             0             0             0


           ALPHA
              NEGTONE       PERFORM       DYSFUNC       NEGEXP        MV
              ________      ________      ________      ________      ________
      1           1             2             0             0             0


           BETA
              NEGTONE       PERFORM       DYSFUNC       NEGEXP        MV
              ________      ________      ________      ________      ________
 NEGTONE            0             0             3             0             0
 PERFORM            4             0             5             6             7
 DYSFUNC            0             0             0             0             0
 NEGEXP             0             0             0             0             0
 MV                 0             0             0             0             0


           PSI
              NEGTONE       PERFORM       DYSFUNC       NEGEXP        MV
              ________      ________      ________      ________      ________
 NEGTONE            8
 PERFORM            0             9
 DYSFUNC            0             0             0
 NEGEXP             0             0             0             0
 MV                 0             0             0             0             0


     PARAMETER SPECIFICATION FOR THE ADDITIONAL PARAMETERS


           New/Additional Parameters
              IND1
              ________
 1                 10


     STARTING VALUES


           NU
              NEGTONE       PERFORM       DYSFUNC       NEGEXP        MV
              ________      ________      ________      ________      ________
      1         0.000         0.000         0.000         0.000         0.000


           LAMBDA
              NEGTONE       PERFORM       DYSFUNC       NEGEXP        MV
              ________      ________      ________      ________      ________
 NEGTONE        1.000         0.000         0.000         0.000         0.000
 PERFORM        0.000         1.000         0.000         0.000         0.000
 DYSFUNC        0.000         0.000         1.000         0.000         0.000
 NEGEXP         0.000         0.000         0.000         1.000         0.000
 MV             0.000         0.000         0.000         0.000         1.000


           THETA
              NEGTONE       PERFORM       DYSFUNC       NEGEXP        MV
              ________      ________      ________      ________      ________
 NEGTONE        0.000
 PERFORM        0.000         0.000
 DYSFUNC        0.000         0.000         0.000
 NEGEXP         0.000         0.000         0.000         0.000
 MV             0.000         0.000         0.000         0.000         0.000


           ALPHA
              NEGTONE       PERFORM       DYSFUNC       NEGEXP        MV
              ________      ________      ________      ________      ________
      1         0.047        -0.032         0.035        -0.008         0.023


           BETA
              NEGTONE       PERFORM       DYSFUNC       NEGEXP        MV
              ________      ________      ________      ________      ________
 NEGTONE        0.000         0.000         0.000         0.000         0.000
 PERFORM        0.000         0.000         0.000         0.000         0.000
 DYSFUNC        0.000         0.000         0.000         0.000         0.000
 NEGEXP         0.000         0.000         0.000         0.000         0.000
 MV             0.000         0.000         0.000         0.000         0.000


           PSI
              NEGTONE       PERFORM       DYSFUNC       NEGEXP        MV
              ________      ________      ________      ________      ________
 NEGTONE        0.138
 PERFORM        0.000         0.136
 DYSFUNC        0.000         0.000         0.136
 NEGEXP         0.000         0.000        -0.001         0.291
 MV             0.000         0.000        -0.004         0.060         0.076


     STARTING VALUES FOR THE ADDITIONAL PARAMETERS


           New/Additional Parameters
              IND1
              ________
 1              0.500


TECHNICAL 4 OUTPUT


     ESTIMATES DERIVED FROM THE MODEL


           ESTIMATED MEANS FOR THE LATENT VARIABLES
              NEGTONE       PERFORM       DYSFUNC       NEGEXP        MV
              ________      ________      ________      ________      ________
      1         0.047        -0.032         0.035        -0.008         0.023


           ESTIMATED COVARIANCE MATRIX FOR THE LATENT VARIABLES
              NEGTONE       PERFORM       DYSFUNC       NEGEXP        MV
              ________      ________      ________      ________      ________
 NEGTONE        0.271
 PERFORM       -0.086         0.250
 DYSFUNC        0.084         0.015         0.136
 NEGEXP        -0.001        -0.037        -0.001         0.291
 MV            -0.002        -0.041        -0.004         0.060         0.076


           ESTIMATED CORRELATION MATRIX FOR THE LATENT VARIABLES
              NEGTONE       PERFORM       DYSFUNC       NEGEXP        MV
              ________      ________      ________      ________      ________
 NEGTONE        1.000
 PERFORM       -0.331         1.000
 DYSFUNC        0.438         0.081         1.000
 NEGEXP        -0.003        -0.136        -0.007         1.000
 MV            -0.016        -0.296        -0.036         0.401         1.000


PLOT INFORMATION

The following plots are available:

  Histograms of sample values
  Histograms of estimated values
  Scatterplots (sample values, estimated values)

DIAGRAM INFORMATION

  Use View Diagram under the Diagram menu in the Mplus Editor to view the diagram.
  If running Mplus from the Mplus Diagrammer, the diagram opens automatically.

  Diagram output
    c:\users\owner\documents\stats\hayes (2013) text\teams\m14 boot 10000.dgm

     Beginning Time:  17:10:22
        Ending Time:  17:10:30
       Elapsed Time:  00:00:08



MUTHEN & MUTHEN
3463 Stoner Ave.
Los Angeles, CA  90066

Tel: (310) 391-9971
Fax: (310) 391-8971
Web: www.StatModel.com
Support: Support@StatModel.com

Copyright (c) 1998-2013 Muthen & Muthen
