Mplus VERSION 6.12
MUTHEN & MUTHEN
06/26/2013  11:13 AM

INPUT INSTRUCTIONS

  Title:
      Practice moderation Ch7

  Data:
      File is Mplus practice (Ch7).txt;

  Variable:
      Names are sexism liking protest;
      Usevariables are all proxsex;

  Define: proxsex = protest*sexism;

  Analysis:
      Bootstrap = 10000;

  Model:
      liking on sexism protest proxsex;


  Output:
      Nochisquare Standardized Cinterval (bcbootstrap);




INPUT READING TERMINATED NORMALLY




Practice moderation Ch7

SUMMARY OF ANALYSIS

Number of groups                                                 1
Number of observations                                         129

Number of dependent variables                                    1
Number of independent variables                                  3
Number of continuous latent variables                            0

Observed dependent variables

  Continuous
   LIKING

Observed independent variables
   SEXISM      PROTEST     PROXSEX


Estimator                                                       ML
Information matrix                                        OBSERVED
Maximum number of iterations                                  1000
Convergence criterion                                    0.500D-04
Maximum number of steepest descent iterations                   20
Number of bootstrap draws
    Requested                                                10000
    Completed                                                10000

Input data file(s)
  Mplus practice (Ch7).txt

Input data format  FREE



THE MODEL ESTIMATION TERMINATED NORMALLY



MODEL FIT INFORMATION

Number of Free Parameters                        5

Loglikelihood

          H0 Value                        -179.556

Information Criteria

          Akaike (AIC)                     369.112
          Bayesian (BIC)                   383.411
          Sample-Size Adjusted BIC         367.598
            (n* = (n + 2) / 24)

Chi-Square Test of Model Fit

          Value                              0.000
          Degrees of Freedom                     0
          P-Value                           0.0000

CFI/TLI

          CFI and TLI were not computed due to problems in computing robust
          chi-square for the baseline model.

SRMR (Standardized Root Mean Square Residual)

          Value                              0.000



MODEL RESULTS

                                                    Two-Tailed
                    Estimate       S.E.  Est./S.E.    P-Value

 LIKING   ON
    SEXISM            -0.472      0.320     -1.476      0.140
    PROTEST           -3.773      1.610     -2.343      0.019
    PROXSEX            0.834      0.335      2.488      0.013

 Intercepts
    LIKING             7.706      1.521      5.067      0.000

 Residual Variances
    LIKING             0.947      0.150      6.317      0.000


STANDARDIZED MODEL RESULTS

                      StdYX       StdY        Std
                    Estimate   Estimate   Estimate

 LIKING   ON
    SEXISM            -0.353     -0.452     -0.472
    PROTEST           -1.680     -3.608     -3.773
    PROXSEX            1.977      0.797      0.834

 Intercepts
    LIKING             7.370      7.370      7.706

 Residual Variances
    LIKING             0.867      0.867      0.947


R-SQUARE

    Observed
    Variable        Estimate

    LIKING             0.133


CONFIDENCE INTERVALS OF MODEL RESULTS

                  Lower .5%  Lower 2.5%    Lower 5%    Estimate    Upper 5%  Upper 2.5%   Upper .5%

 LIKING   ON
    SEXISM          -1.379      -1.146      -1.029      -0.472       0.016       0.118       0.299
    PROTEST         -8.200      -7.113      -6.553      -3.773      -1.288      -0.812       0.045
    PROXSEX          0.031       0.222       0.318       0.834       1.413       1.533       1.766

 Intercepts
    LIKING           3.942       4.894       5.360       7.706      10.333      10.899      11.909

 Residual Variances
    LIKING           0.646       0.719       0.759       0.947       1.287       1.352       1.477


     Beginning Time:  11:13:42
        Ending Time:  11:13:48
       Elapsed Time:  00:00:06



MUTHEN & MUTHEN
3463 Stoner Ave.
Los Angeles, CA  90066

Tel: (310) 391-9971
Fax: (310) 391-8971
Web: www.StatModel.com
Support: Support@StatModel.com

Copyright (c) 1998-2011 Muthen & Muthen
